<?xml version="1.0" encoding="UTF-8"?>
<testsuite xmlns:xsi="http://www.w3.org/2001/XMLSchema-instance" xsi:noNamespaceSchemaLocation="https://maven.apache.org/surefire/maven-surefire-plugin/xsd/surefire-test-report-3.0.xsd" version="3.0" name="TestSuite" time="25.56" tests="8" errors="0" skipped="0" failures="0">
  <properties>
    <property name="sun.desktop" value="windows"/>
    <property name="awt.toolkit" value="sun.awt.windows.WToolkit"/>
    <property name="java.specification.version" value="11"/>
    <property name="sun.cpu.isalist" value="amd64"/>
    <property name="sun.jnu.encoding" value="Cp1252"/>
    <property name="java.class.path" value="C:\Users\arijitdas\GIT_ASSIGNMENT\API_AutomatioN\Rest_API_Automation\target\test-classes;C:\Users\arijitdas\GIT_ASSIGNMENT\API_AutomatioN\Rest_API_Automation\target\classes;C:\Users\arijitdas\.m2\repository\io\rest-assured\rest-assured\4.4.0\rest-assured-4.4.0.jar;C:\Users\arijitdas\.m2\repository\org\codehaus\groovy\groovy\3.0.8\groovy-3.0.8.jar;C:\Users\arijitdas\.m2\repository\org\codehaus\groovy\groovy-xml\3.0.8\groovy-xml-3.0.8.jar;C:\Users\arijitdas\.m2\repository\org\apache\httpcomponents\httpclient\4.5.13\httpclient-4.5.13.jar;C:\Users\arijitdas\.m2\repository\org\apache\httpcomponents\httpcore\4.4.13\httpcore-4.4.13.jar;C:\Users\arijitdas\.m2\repository\commons-logging\commons-logging\1.2\commons-logging-1.2.jar;C:\Users\arijitdas\.m2\repository\commons-codec\commons-codec\1.11\commons-codec-1.11.jar;C:\Users\arijitdas\.m2\repository\org\apache\httpcomponents\httpmime\4.5.13\httpmime-4.5.13.jar;C:\Users\arijitdas\.m2\repository\org\hamcrest\hamcrest\2.1\hamcrest-2.1.jar;C:\Users\arijitdas\.m2\repository\org\ccil\cowan\tagsoup\tagsoup\1.2.1\tagsoup-1.2.1.jar;C:\Users\arijitdas\.m2\repository\org\testng\testng\6.11\testng-6.11.jar;C:\Users\arijitdas\.m2\repository\com\beust\jcommander\1.64\jcommander-1.64.jar;C:\Users\arijitdas\.m2\repository\org\yaml\snakeyaml\1.17\snakeyaml-1.17.jar;C:\Users\arijitdas\.m2\repository\io\rest-assured\json-path\4.4.0\json-path-4.4.0.jar;C:\Users\arijitdas\.m2\repository\org\codehaus\groovy\groovy-json\3.0.8\groovy-json-3.0.8.jar;C:\Users\arijitdas\.m2\repository\io\rest-assured\rest-assured-common\4.4.0\rest-assured-common-4.4.0.jar;C:\Users\arijitdas\.m2\repository\io\rest-assured\xml-path\4.4.0\xml-path-4.4.0.jar;C:\Users\arijitdas\.m2\repository\org\apache\commons\commons-lang3\3.11\commons-lang3-3.11.jar;C:\Users\arijitdas\.m2\repository\jakarta\xml\bind\jakarta.xml.bind-api\2.3.3\jakarta.xml.bind-api-2.3.3.jar;C:\Users\arijitdas\.m2\repository\jakarta\activation\jakarta.activation-api\1.2.2\jakarta.activation-api-1.2.2.jar;C:\Users\arijitdas\.m2\repository\com\sun\xml\bind\jaxb-impl\2.3.3\jaxb-impl-2.3.3.jar;C:\Users\arijitdas\.m2\repository\io\rest-assured\json-schema-validator\4.4.0\json-schema-validator-4.4.0.jar;C:\Users\arijitdas\.m2\repository\com\github\java-json-tools\json-schema-validator\2.2.14\json-schema-validator-2.2.14.jar;C:\Users\arijitdas\.m2\repository\com\github\java-json-tools\jackson-coreutils-equivalence\1.0\jackson-coreutils-equivalence-1.0.jar;C:\Users\arijitdas\.m2\repository\com\fasterxml\jackson\core\jackson-databind\2.11.0\jackson-databind-2.11.0.jar;C:\Users\arijitdas\.m2\repository\com\fasterxml\jackson\core\jackson-annotations\2.11.0\jackson-annotations-2.11.0.jar;C:\Users\arijitdas\.m2\repository\com\fasterxml\jackson\core\jackson-core\2.11.0\jackson-core-2.11.0.jar;C:\Users\arijitdas\.m2\repository\com\github\java-json-tools\jackson-coreutils\2.0\jackson-coreutils-2.0.jar;C:\Users\arijitdas\.m2\repository\com\github\java-json-tools\msg-simple\1.2\msg-simple-1.2.jar;C:\Users\arijitdas\.m2\repository\com\github\java-json-tools\btf\1.3\btf-1.3.jar;C:\Users\arijitdas\.m2\repository\com\github\java-json-tools\json-schema-core\1.2.14\json-schema-core-1.2.14.jar;C:\Users\arijitdas\.m2\repository\com\github\java-json-tools\uri-template\0.10\uri-template-0.10.jar;C:\Users\arijitdas\.m2\repository\org\mozilla\rhino\1.7.7.2\rhino-1.7.7.2.jar;C:\Users\arijitdas\.m2\repository\com\sun\mail\mailapi\1.6.2\mailapi-1.6.2.jar;C:\Users\arijitdas\.m2\repository\joda-time\joda-time\2.10.5\joda-time-2.10.5.jar;C:\Users\arijitdas\.m2\repository\com\googlecode\libphonenumber\libphonenumber\8.11.1\libphonenumber-8.11.1.jar;C:\Users\arijitdas\.m2\repository\com\google\code\findbugs\jsr305\3.0.2\jsr305-3.0.2.jar;C:\Users\arijitdas\.m2\repository\net\sf\jopt-simple\jopt-simple\5.0.4\jopt-simple-5.0.4.jar;C:\Users\arijitdas\.m2\repository\org\hamcrest\java-hamcrest\2.0.0.0\java-hamcrest-2.0.0.0.jar;C:\Users\arijitdas\.m2\repository\org\hamcrest\hamcrest-core\2.2\hamcrest-core-2.2.jar;C:\Users\arijitdas\.m2\repository\org\hamcrest\hamcrest-library\2.2\hamcrest-library-2.2.jar;C:\Users\arijitdas\.m2\repository\com\relevantcodes\extentreports\2.41.2\extentreports-2.41.2.jar;C:\Users\arijitdas\.m2\repository\org\jsoup\jsoup\1.8.3\jsoup-1.8.3.jar;C:\Users\arijitdas\.m2\repository\org\xerial\sqlite-jdbc\3.8.11.1\sqlite-jdbc-3.8.11.1.jar;C:\Users\arijitdas\.m2\repository\org\freemarker\freemarker\2.3.23\freemarker-2.3.23.jar;C:\Users\arijitdas\.m2\repository\org\mongodb\mongodb-driver\3.0.4\mongodb-driver-3.0.4.jar;C:\Users\arijitdas\.m2\repository\org\mongodb\bson\3.0.4\bson-3.0.4.jar;C:\Users\arijitdas\.m2\repository\org\mongodb\mongodb-driver-core\3.0.4\mongodb-driver-core-3.0.4.jar;C:\Users\arijitdas\.m2\repository\log4j\log4j\1.2.17\log4j-1.2.17.jar;C:\Users\arijitdas\.m2\repository\org\seleniumhq\selenium\selenium-java\3.141.5\selenium-java-3.141.5.jar;C:\Users\arijitdas\.m2\repository\org\seleniumhq\selenium\selenium-api\3.141.5\selenium-api-3.141.5.jar;C:\Users\arijitdas\.m2\repository\org\seleniumhq\selenium\selenium-chrome-driver\3.141.5\selenium-chrome-driver-3.141.5.jar;C:\Users\arijitdas\.m2\repository\org\seleniumhq\selenium\selenium-edge-driver\3.141.5\selenium-edge-driver-3.141.5.jar;C:\Users\arijitdas\.m2\repository\org\seleniumhq\selenium\selenium-firefox-driver\3.141.5\selenium-firefox-driver-3.141.5.jar;C:\Users\arijitdas\.m2\repository\org\seleniumhq\selenium\selenium-ie-driver\3.141.5\selenium-ie-driver-3.141.5.jar;C:\Users\arijitdas\.m2\repository\org\seleniumhq\selenium\selenium-opera-driver\3.141.5\selenium-opera-driver-3.141.5.jar;C:\Users\arijitdas\.m2\repository\org\seleniumhq\selenium\selenium-remote-driver\3.141.5\selenium-remote-driver-3.141.5.jar;C:\Users\arijitdas\.m2\repository\org\seleniumhq\selenium\selenium-safari-driver\3.141.5\selenium-safari-driver-3.141.5.jar;C:\Users\arijitdas\.m2\repository\org\seleniumhq\selenium\selenium-support\3.141.5\selenium-support-3.141.5.jar;C:\Users\arijitdas\.m2\repository\net\bytebuddy\byte-buddy\1.8.15\byte-buddy-1.8.15.jar;C:\Users\arijitdas\.m2\repository\org\apache\commons\commons-exec\1.3\commons-exec-1.3.jar;C:\Users\arijitdas\.m2\repository\com\google\guava\guava\25.0-jre\guava-25.0-jre.jar;C:\Users\arijitdas\.m2\repository\org\checkerframework\checker-compat-qual\2.0.0\checker-compat-qual-2.0.0.jar;C:\Users\arijitdas\.m2\repository\com\google\errorprone\error_prone_annotations\2.1.3\error_prone_annotations-2.1.3.jar;C:\Users\arijitdas\.m2\repository\com\google\j2objc\j2objc-annotations\1.1\j2objc-annotations-1.1.jar;C:\Users\arijitdas\.m2\repository\org\codehaus\mojo\animal-sniffer-annotations\1.14\animal-sniffer-annotations-1.14.jar;C:\Users\arijitdas\.m2\repository\com\squareup\okhttp3\okhttp\3.11.0\okhttp-3.11.0.jar;C:\Users\arijitdas\.m2\repository\com\squareup\okio\okio\1.14.0\okio-1.14.0.jar;C:\Users\arijitdas\.m2\repository\org\apache\maven\plugins\maven-compiler-plugin\3.10.1\maven-compiler-plugin-3.10.1.jar;C:\Users\arijitdas\.m2\repository\org\apache\maven\shared\maven-shared-utils\3.3.4\maven-shared-utils-3.3.4.jar;C:\Users\arijitdas\.m2\repository\commons-io\commons-io\2.6\commons-io-2.6.jar;C:\Users\arijitdas\.m2\repository\org\apache\maven\shared\maven-shared-incremental\1.1\maven-shared-incremental-1.1.jar;C:\Users\arijitdas\.m2\repository\org\codehaus\plexus\plexus-component-annotations\1.5.5\plexus-component-annotations-1.5.5.jar;C:\Users\arijitdas\.m2\repository\org\codehaus\plexus\plexus-java\1.1.1\plexus-java-1.1.1.jar;C:\Users\arijitdas\.m2\repository\org\ow2\asm\asm\9.2\asm-9.2.jar;C:\Users\arijitdas\.m2\repository\com\thoughtworks\qdox\qdox\2.0.1\qdox-2.0.1.jar;C:\Users\arijitdas\.m2\repository\org\codehaus\plexus\plexus-compiler-api\2.11.1\plexus-compiler-api-2.11.1.jar;C:\Users\arijitdas\.m2\repository\org\codehaus\plexus\plexus-utils\3.4.1\plexus-utils-3.4.1.jar;C:\Users\arijitdas\.m2\repository\org\codehaus\plexus\plexus-compiler-manager\2.11.1\plexus-compiler-manager-2.11.1.jar;C:\Users\arijitdas\.m2\repository\org\codehaus\plexus\plexus-compiler-javac\2.11.1\plexus-compiler-javac-2.11.1.jar;"/>
    <property name="java.vm.vendor" value="OpenLogic"/>
    <property name="sun.arch.data.model" value="64"/>
    <property name="user.variant" value=""/>
    <property name="java.vendor.url" value="https://openlogic.com/"/>
    <property name="user.timezone" value="Asia/Calcutta"/>
    <property name="java.vm.specification.version" value="11"/>
    <property name="os.name" value="Windows 11"/>
    <property name="sun.java.launcher" value="SUN_STANDARD"/>
    <property name="user.country" value="IN"/>
    <property name="sun.boot.library.path" value="C:\openlogic-openjdk-jre-11.0.20+8-windows-x64\bin"/>
    <property name="sun.java.command" value="C:\Users\arijitdas\AppData\Local\Temp\surefire13679023891050650034\surefirebooter8824369982047532346.jar C:\Users\arijitdas\AppData\Local\Temp\surefire13679023891050650034 2023-09-29T13-51-31_853-jvmRun1 surefire14419125045364599052tmp surefire_013777790118031255876tmp"/>
    <property name="jdk.debug" value="release"/>
    <property name="surefire.test.class.path" value="C:\Users\arijitdas\GIT_ASSIGNMENT\API_AutomatioN\Rest_API_Automation\target\test-classes;C:\Users\arijitdas\GIT_ASSIGNMENT\API_AutomatioN\Rest_API_Automation\target\classes;C:\Users\arijitdas\.m2\repository\io\rest-assured\rest-assured\4.4.0\rest-assured-4.4.0.jar;C:\Users\arijitdas\.m2\repository\org\codehaus\groovy\groovy\3.0.8\groovy-3.0.8.jar;C:\Users\arijitdas\.m2\repository\org\codehaus\groovy\groovy-xml\3.0.8\groovy-xml-3.0.8.jar;C:\Users\arijitdas\.m2\repository\org\apache\httpcomponents\httpclient\4.5.13\httpclient-4.5.13.jar;C:\Users\arijitdas\.m2\repository\org\apache\httpcomponents\httpcore\4.4.13\httpcore-4.4.13.jar;C:\Users\arijitdas\.m2\repository\commons-logging\commons-logging\1.2\commons-logging-1.2.jar;C:\Users\arijitdas\.m2\repository\commons-codec\commons-codec\1.11\commons-codec-1.11.jar;C:\Users\arijitdas\.m2\repository\org\apache\httpcomponents\httpmime\4.5.13\httpmime-4.5.13.jar;C:\Users\arijitdas\.m2\repository\org\hamcrest\hamcrest\2.1\hamcrest-2.1.jar;C:\Users\arijitdas\.m2\repository\org\ccil\cowan\tagsoup\tagsoup\1.2.1\tagsoup-1.2.1.jar;C:\Users\arijitdas\.m2\repository\org\testng\testng\6.11\testng-6.11.jar;C:\Users\arijitdas\.m2\repository\com\beust\jcommander\1.64\jcommander-1.64.jar;C:\Users\arijitdas\.m2\repository\org\yaml\snakeyaml\1.17\snakeyaml-1.17.jar;C:\Users\arijitdas\.m2\repository\io\rest-assured\json-path\4.4.0\json-path-4.4.0.jar;C:\Users\arijitdas\.m2\repository\org\codehaus\groovy\groovy-json\3.0.8\groovy-json-3.0.8.jar;C:\Users\arijitdas\.m2\repository\io\rest-assured\rest-assured-common\4.4.0\rest-assured-common-4.4.0.jar;C:\Users\arijitdas\.m2\repository\io\rest-assured\xml-path\4.4.0\xml-path-4.4.0.jar;C:\Users\arijitdas\.m2\repository\org\apache\commons\commons-lang3\3.11\commons-lang3-3.11.jar;C:\Users\arijitdas\.m2\repository\jakarta\xml\bind\jakarta.xml.bind-api\2.3.3\jakarta.xml.bind-api-2.3.3.jar;C:\Users\arijitdas\.m2\repository\jakarta\activation\jakarta.activation-api\1.2.2\jakarta.activation-api-1.2.2.jar;C:\Users\arijitdas\.m2\repository\com\sun\xml\bind\jaxb-impl\2.3.3\jaxb-impl-2.3.3.jar;C:\Users\arijitdas\.m2\repository\io\rest-assured\json-schema-validator\4.4.0\json-schema-validator-4.4.0.jar;C:\Users\arijitdas\.m2\repository\com\github\java-json-tools\json-schema-validator\2.2.14\json-schema-validator-2.2.14.jar;C:\Users\arijitdas\.m2\repository\com\github\java-json-tools\jackson-coreutils-equivalence\1.0\jackson-coreutils-equivalence-1.0.jar;C:\Users\arijitdas\.m2\repository\com\fasterxml\jackson\core\jackson-databind\2.11.0\jackson-databind-2.11.0.jar;C:\Users\arijitdas\.m2\repository\com\fasterxml\jackson\core\jackson-annotations\2.11.0\jackson-annotations-2.11.0.jar;C:\Users\arijitdas\.m2\repository\com\fasterxml\jackson\core\jackson-core\2.11.0\jackson-core-2.11.0.jar;C:\Users\arijitdas\.m2\repository\com\github\java-json-tools\jackson-coreutils\2.0\jackson-coreutils-2.0.jar;C:\Users\arijitdas\.m2\repository\com\github\java-json-tools\msg-simple\1.2\msg-simple-1.2.jar;C:\Users\arijitdas\.m2\repository\com\github\java-json-tools\btf\1.3\btf-1.3.jar;C:\Users\arijitdas\.m2\repository\com\github\java-json-tools\json-schema-core\1.2.14\json-schema-core-1.2.14.jar;C:\Users\arijitdas\.m2\repository\com\github\java-json-tools\uri-template\0.10\uri-template-0.10.jar;C:\Users\arijitdas\.m2\repository\org\mozilla\rhino\1.7.7.2\rhino-1.7.7.2.jar;C:\Users\arijitdas\.m2\repository\com\sun\mail\mailapi\1.6.2\mailapi-1.6.2.jar;C:\Users\arijitdas\.m2\repository\joda-time\joda-time\2.10.5\joda-time-2.10.5.jar;C:\Users\arijitdas\.m2\repository\com\googlecode\libphonenumber\libphonenumber\8.11.1\libphonenumber-8.11.1.jar;C:\Users\arijitdas\.m2\repository\com\google\code\findbugs\jsr305\3.0.2\jsr305-3.0.2.jar;C:\Users\arijitdas\.m2\repository\net\sf\jopt-simple\jopt-simple\5.0.4\jopt-simple-5.0.4.jar;C:\Users\arijitdas\.m2\repository\org\hamcrest\java-hamcrest\2.0.0.0\java-hamcrest-2.0.0.0.jar;C:\Users\arijitdas\.m2\repository\org\hamcrest\hamcrest-core\2.2\hamcrest-core-2.2.jar;C:\Users\arijitdas\.m2\repository\org\hamcrest\hamcrest-library\2.2\hamcrest-library-2.2.jar;C:\Users\arijitdas\.m2\repository\com\relevantcodes\extentreports\2.41.2\extentreports-2.41.2.jar;C:\Users\arijitdas\.m2\repository\org\jsoup\jsoup\1.8.3\jsoup-1.8.3.jar;C:\Users\arijitdas\.m2\repository\org\xerial\sqlite-jdbc\3.8.11.1\sqlite-jdbc-3.8.11.1.jar;C:\Users\arijitdas\.m2\repository\org\freemarker\freemarker\2.3.23\freemarker-2.3.23.jar;C:\Users\arijitdas\.m2\repository\org\mongodb\mongodb-driver\3.0.4\mongodb-driver-3.0.4.jar;C:\Users\arijitdas\.m2\repository\org\mongodb\bson\3.0.4\bson-3.0.4.jar;C:\Users\arijitdas\.m2\repository\org\mongodb\mongodb-driver-core\3.0.4\mongodb-driver-core-3.0.4.jar;C:\Users\arijitdas\.m2\repository\log4j\log4j\1.2.17\log4j-1.2.17.jar;C:\Users\arijitdas\.m2\repository\org\seleniumhq\selenium\selenium-java\3.141.5\selenium-java-3.141.5.jar;C:\Users\arijitdas\.m2\repository\org\seleniumhq\selenium\selenium-api\3.141.5\selenium-api-3.141.5.jar;C:\Users\arijitdas\.m2\repository\org\seleniumhq\selenium\selenium-chrome-driver\3.141.5\selenium-chrome-driver-3.141.5.jar;C:\Users\arijitdas\.m2\repository\org\seleniumhq\selenium\selenium-edge-driver\3.141.5\selenium-edge-driver-3.141.5.jar;C:\Users\arijitdas\.m2\repository\org\seleniumhq\selenium\selenium-firefox-driver\3.141.5\selenium-firefox-driver-3.141.5.jar;C:\Users\arijitdas\.m2\repository\org\seleniumhq\selenium\selenium-ie-driver\3.141.5\selenium-ie-driver-3.141.5.jar;C:\Users\arijitdas\.m2\repository\org\seleniumhq\selenium\selenium-opera-driver\3.141.5\selenium-opera-driver-3.141.5.jar;C:\Users\arijitdas\.m2\repository\org\seleniumhq\selenium\selenium-remote-driver\3.141.5\selenium-remote-driver-3.141.5.jar;C:\Users\arijitdas\.m2\repository\org\seleniumhq\selenium\selenium-safari-driver\3.141.5\selenium-safari-driver-3.141.5.jar;C:\Users\arijitdas\.m2\repository\org\seleniumhq\selenium\selenium-support\3.141.5\selenium-support-3.141.5.jar;C:\Users\arijitdas\.m2\repository\net\bytebuddy\byte-buddy\1.8.15\byte-buddy-1.8.15.jar;C:\Users\arijitdas\.m2\repository\org\apache\commons\commons-exec\1.3\commons-exec-1.3.jar;C:\Users\arijitdas\.m2\repository\com\google\guava\guava\25.0-jre\guava-25.0-jre.jar;C:\Users\arijitdas\.m2\repository\org\checkerframework\checker-compat-qual\2.0.0\checker-compat-qual-2.0.0.jar;C:\Users\arijitdas\.m2\repository\com\google\errorprone\error_prone_annotations\2.1.3\error_prone_annotations-2.1.3.jar;C:\Users\arijitdas\.m2\repository\com\google\j2objc\j2objc-annotations\1.1\j2objc-annotations-1.1.jar;C:\Users\arijitdas\.m2\repository\org\codehaus\mojo\animal-sniffer-annotations\1.14\animal-sniffer-annotations-1.14.jar;C:\Users\arijitdas\.m2\repository\com\squareup\okhttp3\okhttp\3.11.0\okhttp-3.11.0.jar;C:\Users\arijitdas\.m2\repository\com\squareup\okio\okio\1.14.0\okio-1.14.0.jar;C:\Users\arijitdas\.m2\repository\org\apache\maven\plugins\maven-compiler-plugin\3.10.1\maven-compiler-plugin-3.10.1.jar;C:\Users\arijitdas\.m2\repository\org\apache\maven\shared\maven-shared-utils\3.3.4\maven-shared-utils-3.3.4.jar;C:\Users\arijitdas\.m2\repository\commons-io\commons-io\2.6\commons-io-2.6.jar;C:\Users\arijitdas\.m2\repository\org\apache\maven\shared\maven-shared-incremental\1.1\maven-shared-incremental-1.1.jar;C:\Users\arijitdas\.m2\repository\org\codehaus\plexus\plexus-component-annotations\1.5.5\plexus-component-annotations-1.5.5.jar;C:\Users\arijitdas\.m2\repository\org\codehaus\plexus\plexus-java\1.1.1\plexus-java-1.1.1.jar;C:\Users\arijitdas\.m2\repository\org\ow2\asm\asm\9.2\asm-9.2.jar;C:\Users\arijitdas\.m2\repository\com\thoughtworks\qdox\qdox\2.0.1\qdox-2.0.1.jar;C:\Users\arijitdas\.m2\repository\org\codehaus\plexus\plexus-compiler-api\2.11.1\plexus-compiler-api-2.11.1.jar;C:\Users\arijitdas\.m2\repository\org\codehaus\plexus\plexus-utils\3.4.1\plexus-utils-3.4.1.jar;C:\Users\arijitdas\.m2\repository\org\codehaus\plexus\plexus-compiler-manager\2.11.1\plexus-compiler-manager-2.11.1.jar;C:\Users\arijitdas\.m2\repository\org\codehaus\plexus\plexus-compiler-javac\2.11.1\plexus-compiler-javac-2.11.1.jar;"/>
    <property name="sun.cpu.endian" value="little"/>
    <property name="user.home" value="C:\Users\arijitdas"/>
    <property name="user.language" value="en"/>
    <property name="java.specification.vendor" value="Oracle Corporation"/>
    <property name="java.version.date" value="2023-07-18"/>
    <property name="java.home" value="C:\openlogic-openjdk-jre-11.0.20+8-windows-x64"/>
    <property name="file.separator" value="\"/>
    <property name="basedir" value="C:\Users\arijitdas\GIT_ASSIGNMENT\API_AutomatioN\Rest_API_Automation"/>
    <property name="java.vm.compressedOopsMode" value="Zero based"/>
    <property name="line.separator" value="&#10;"/>
    <property name="java.specification.name" value="Java Platform API Specification"/>
    <property name="java.vm.specification.vendor" value="Oracle Corporation"/>
    <property name="java.awt.graphicsenv" value="sun.awt.Win32GraphicsEnvironment"/>
    <property name="surefire.real.class.path" value="C:\Users\arijitdas\AppData\Local\Temp\surefire13679023891050650034\surefirebooter8824369982047532346.jar"/>
    <property name="user.script" value=""/>
    <property name="sun.management.compiler" value="HotSpot 64-Bit Tiered Compilers"/>
    <property name="java.runtime.version" value="11.0.20+8-adhoc..jdk11u"/>
    <property name="user.name" value="arijitdas"/>
    <property name="path.separator" value=";"/>
    <property name="os.version" value="10.0"/>
    <property name="java.runtime.name" value="OpenJDK Runtime Environment"/>
    <property name="file.encoding" value="Cp1252"/>
    <property name="java.vm.name" value="OpenJDK 64-Bit Server VM"/>
    <property name="java.vendor.version" value="OpenLogic-OpenJDK"/>
    <property name="localRepository" value="C:\Users\arijitdas\.m2\repository"/>
    <property name="java.vendor.url.bug" value="https://techsupport.roguewave.com/"/>
    <property name="java.io.tmpdir" value="C:\Users\ARIJIT~1\AppData\Local\Temp\"/>
    <property name="java.version" value="11.0.20"/>
    <property name="user.dir" value="C:\Users\arijitdas\GIT_ASSIGNMENT\API_AutomatioN\Rest_API_Automation"/>
    <property name="os.arch" value="amd64"/>
    <property name="java.vm.specification.name" value="Java Virtual Machine Specification"/>
    <property name="java.awt.printerjob" value="sun.awt.windows.WPrinterJob"/>
    <property name="sun.os.patch.level" value=""/>
    <property name="java.library.path" value="C:\openlogic-openjdk-jre-11.0.20+8-windows-x64\bin;C:\WINDOWS\Sun\Java\bin;C:\WINDOWS\system32;C:\WINDOWS;C:\Program Files\Python310\Scripts\;C:\Program Files\Python310\;C:\Program Files\Microsoft MPI\Bin\;C:\Windows\system32;C:\Windows;C:\Windows\System32\Wbem;C:\Windows\System32\WindowsPowerShell\v1.0\;C:\Windows\System32\OpenSSH\;C:\Program Files\TortoiseSVN\bin;C:\Program Files\dotnet\;C:\openlogic-openjdk-jre-11.0.20+8-windows-x64\bin;C:\Program Files\nodejs\;C:\Program Files\Microsoft SQL Server\130\Tools\Binn\;C:\Program Files\Microsoft SQL Server\Client SDK\ODBC\170\Tools\Binn\;C:\Program Files (x86)\Microsoft SQL Server\150\DTS\Binn\;C:\Program Files\Azure Data Studio\bin;C:\Program Files (x86)\Microsoft SQL Server\140\Tools\Binn\;C:\Program Files\Microsoft SQL Server\140\Tools\Binn\;C:\Program Files (x86)\Microsoft SQL Server\140\DTS\Binn\;C:\Program Files\Microsoft SQL Server\140\DTS\Binn\;C:\Program Files\Microsoft SQL Server\Client SDK\ODBC\130\Tools\Binn\;C:\WINDOWS\system32;C:\WINDOWS;C:\WINDOWS\System32\Wbem;C:\WINDOWS\System32\WindowsPowerShell\v1.0\;C:\WINDOWS\System32\OpenSSH\;C:\Program Files\apache-maven-3.8.4-bin\apache-maven-3.8.4\bin;C:\Program Files\RedHat\java-11-openjdk-11.0.5-2\bin;C:\Program Files (x86)\dotnet\;C:\MinGW\bin;C:\Program Files\Git\cmd;C:\Users\arijitdas\AppData\Local\Microsoft\WindowsApps;C:\Users\arijitdas\.dotnet\tools;C:\Users\arijitdas\AppData\Roaming\npm;C:\Program Files\Azure Data Studio\bin;C:\Users\arijitdas\AppData\Local\Programs\Microsoft VS Code\bin;C:\Users\arijitdas\AppData\Local\Android\Sdk\platform-tools;C:\Users\arijitdas\AppData\Local\Android\Sdk\tools;C:\Users\arijitdas\AppData\Local\Android\Sdk\build-tools;C:\Users\arijitdas\AppData\Local\GitHubDesktop\bin;;."/>
    <property name="java.vm.info" value="mixed mode"/>
    <property name="java.vendor" value="OpenLogic"/>
    <property name="java.vm.version" value="11.0.20+8-adhoc..jdk11u"/>
    <property name="java.specification.maintenance.version" value="2"/>
    <property name="sun.io.unicode.encoding" value="UnicodeLittle"/>
    <property name="java.class.version" value="55.0"/>
  </properties>
  <testcase name="login" classname="CRUD_Operations.LoginAPI" time="6.139">
    <system-out><![CDATA[[TestNGContentHandler] [WARN] It is strongly recommended to add "<!DOCTYPE suite SYSTEM "http://testng.org/testng-1.0.dtd" >" at the top of your file, otherwise TestNG may fail or not work as expected.
09-272-2023 13:51:35 LoginAPI.java INFO  [main] CRUD_Operations.LoginAPI 23 -  Logging into Account 
09-272-2023 13:51:38 BasicClientConnectionManager.java DEBUG [main] conn.BasicClientConnectionManager 161 - Get connection for route {s}->https://restful-booker.herokuapp.com:443
09-272-2023 13:51:39 DefaultClientConnectionOperator.java DEBUG [main] conn.DefaultClientConnectionOperator 177 - Connecting to restful-booker.herokuapp.com:443
09-272-2023 13:51:40 RequestAddCookies.java DEBUG [main] protocol.RequestAddCookies 123 - CookieSpec selected: ignoreCookies
09-272-2023 13:51:40 RequestAuthCache.java DEBUG [main] protocol.RequestAuthCache 77 - Auth cache not set in the context
09-272-2023 13:51:40 RequestTargetAuthentication.java DEBUG [main] protocol.RequestTargetAuthentication 80 - Target auth state: UNCHALLENGED
09-272-2023 13:51:40 RequestProxyAuthentication.java DEBUG [main] protocol.RequestProxyAuthentication 89 - Proxy auth state: UNCHALLENGED
09-272-2023 13:51:40 DefaultRequestDirector.java DEBUG [main] client.DefaultHttpClient 677 - Attempt 1 to execute request
09-272-2023 13:51:40 DefaultClientConnection.java DEBUG [main] conn.DefaultClientConnection 274 - Sending request: POST /auth HTTP/1.1
09-272-2023 13:51:40 Wire.java DEBUG [main] http.wire 73 -  >> "POST /auth HTTP/1.1[\r][\n]"
09-272-2023 13:51:40 Wire.java DEBUG [main] http.wire 73 -  >> "Accept: */*[\r][\n]"
09-272-2023 13:51:40 Wire.java DEBUG [main] http.wire 73 -  >> "Content-Type: application/json[\r][\n]"
09-272-2023 13:51:40 Wire.java DEBUG [main] http.wire 73 -  >> "Content-Length: 45[\r][\n]"
09-272-2023 13:51:40 Wire.java DEBUG [main] http.wire 73 -  >> "Host: restful-booker.herokuapp.com[\r][\n]"
09-272-2023 13:51:40 Wire.java DEBUG [main] http.wire 73 -  >> "Connection: Keep-Alive[\r][\n]"
09-272-2023 13:51:40 Wire.java DEBUG [main] http.wire 73 -  >> "User-Agent: Apache-HttpClient/4.5.13 (Java/11.0.20)[\r][\n]"
09-272-2023 13:51:40 Wire.java DEBUG [main] http.wire 73 -  >> "Accept-Encoding: gzip,deflate[\r][\n]"
09-272-2023 13:51:40 Wire.java DEBUG [main] http.wire 73 -  >> "[\r][\n]"
09-272-2023 13:51:40 DefaultClientConnection.java DEBUG [main] http.headers 278 - >> POST /auth HTTP/1.1
09-272-2023 13:51:40 DefaultClientConnection.java DEBUG [main] http.headers 281 - >> Accept: */*
09-272-2023 13:51:40 DefaultClientConnection.java DEBUG [main] http.headers 281 - >> Content-Type: application/json
09-272-2023 13:51:40 DefaultClientConnection.java DEBUG [main] http.headers 281 - >> Content-Length: 45
09-272-2023 13:51:40 DefaultClientConnection.java DEBUG [main] http.headers 281 - >> Host: restful-booker.herokuapp.com
09-272-2023 13:51:40 DefaultClientConnection.java DEBUG [main] http.headers 281 - >> Connection: Keep-Alive
09-272-2023 13:51:40 DefaultClientConnection.java DEBUG [main] http.headers 281 - >> User-Agent: Apache-HttpClient/4.5.13 (Java/11.0.20)
09-272-2023 13:51:40 DefaultClientConnection.java DEBUG [main] http.headers 281 - >> Accept-Encoding: gzip,deflate
09-272-2023 13:51:40 Wire.java DEBUG [main] http.wire 87 -  >> "{"password":"password123","username":"admin"}"
09-272-2023 13:51:41 Wire.java DEBUG [main] http.wire 73 -  << "HTTP/1.1 200 OK[\r][\n]"
09-272-2023 13:51:41 Wire.java DEBUG [main] http.wire 73 -  << "Server: Cowboy[\r][\n]"
09-272-2023 13:51:41 Wire.java DEBUG [main] http.wire 73 -  << "Connection: keep-alive[\r][\n]"
09-272-2023 13:51:41 Wire.java DEBUG [main] http.wire 73 -  << "X-Powered-By: Express[\r][\n]"
09-272-2023 13:51:41 Wire.java DEBUG [main] http.wire 73 -  << "Content-Type: application/json; charset=utf-8[\r][\n]"
09-272-2023 13:51:41 Wire.java DEBUG [main] http.wire 73 -  << "Content-Length: 27[\r][\n]"
09-272-2023 13:51:41 Wire.java DEBUG [main] http.wire 73 -  << "Etag: W/"1b-jRrjC3LeNKcoPKS6GFpOXkVt9+E"[\r][\n]"
09-272-2023 13:51:41 Wire.java DEBUG [main] http.wire 73 -  << "Date: Fri, 29 Sep 2023 08:22:05 GMT[\r][\n]"
09-272-2023 13:51:41 Wire.java DEBUG [main] http.wire 73 -  << "Via: 1.1 vegur[\r][\n]"
09-272-2023 13:51:41 Wire.java DEBUG [main] http.wire 73 -  << "[\r][\n]"
09-272-2023 13:51:41 DefaultClientConnection.java DEBUG [main] conn.DefaultClientConnection 259 - Receiving response: HTTP/1.1 200 OK
09-272-2023 13:51:41 DefaultClientConnection.java DEBUG [main] http.headers 262 - << HTTP/1.1 200 OK
09-272-2023 13:51:41 DefaultClientConnection.java DEBUG [main] http.headers 265 - << Server: Cowboy
09-272-2023 13:51:41 DefaultClientConnection.java DEBUG [main] http.headers 265 - << Connection: keep-alive
09-272-2023 13:51:41 DefaultClientConnection.java DEBUG [main] http.headers 265 - << X-Powered-By: Express
09-272-2023 13:51:41 DefaultClientConnection.java DEBUG [main] http.headers 265 - << Content-Type: application/json; charset=utf-8
09-272-2023 13:51:41 DefaultClientConnection.java DEBUG [main] http.headers 265 - << Content-Length: 27
09-272-2023 13:51:41 DefaultClientConnection.java DEBUG [main] http.headers 265 - << Etag: W/"1b-jRrjC3LeNKcoPKS6GFpOXkVt9+E"
09-272-2023 13:51:41 DefaultClientConnection.java DEBUG [main] http.headers 265 - << Date: Fri, 29 Sep 2023 08:22:05 GMT
09-272-2023 13:51:41 DefaultClientConnection.java DEBUG [main] http.headers 265 - << Via: 1.1 vegur
09-272-2023 13:51:41 DefaultRequestDirector.java DEBUG [main] client.DefaultHttpClient 504 - Connection can be kept alive indefinitely
09-272-2023 13:51:41 HTTPBuilder.java DEBUG [main] internal.RequestSpecificationImpl$RestAssuredHttpBuilder 545 - Parsing response as: application/json; charset=utf-8
09-272-2023 13:51:41 HTTPBuilder.java DEBUG [main] internal.RequestSpecificationImpl$RestAssuredHttpBuilder 548 - Parsed data to instance of: class org.apache.http.conn.EofSensorInputStream
09-272-2023 13:51:41 Wire.java DEBUG [main] http.wire 87 -  << "{"token":"e79d9c65d92a031"}"
09-272-2023 13:51:41 BasicClientConnectionManager.java DEBUG [main] conn.BasicClientConnectionManager 200 - Releasing connection org.apache.http.impl.conn.ManagedClientConnectionImpl@58658f63
09-272-2023 13:51:41 BasicClientConnectionManager.java DEBUG [main] conn.BasicClientConnectionManager 225 - Connection can be kept alive indefinitely
HTTP/1.1 200 OK
Server: Cowboy
Connection: keep-alive
X-Powered-By: Express
Content-Type: application/json; charset=utf-8
Content-Length: 27
Etag: W/"1b-jRrjC3LeNKcoPKS6GFpOXkVt9+E"
Date: Fri, 29 Sep 2023 08:22:05 GMT
Via: 1.1 vegur

{
    "token": "e79d9c65d92a031"
}
09-272-2023 13:51:42 LoginAPI.java INFO  [main] CRUD_Operations.LoginAPI 36 -  Logged in 
]]></system-out>
  </testcase>
  <testcase name="createBooking" classname="CRUD_Operations.CreateAPI" time="2.781">
    <system-out><![CDATA[09-272-2023 13:51:42 CreateAPI.java INFO  [main] CRUD_Operations.CreateAPI 26 - Booking Creation Started
09-272-2023 13:51:42 BasicClientConnectionManager.java DEBUG [main] conn.BasicClientConnectionManager 161 - Get connection for route {s}->https://restful-booker.herokuapp.com:443
09-272-2023 13:51:42 DefaultClientConnectionOperator.java DEBUG [main] conn.DefaultClientConnectionOperator 177 - Connecting to restful-booker.herokuapp.com:443
09-272-2023 13:51:43 RequestAddCookies.java DEBUG [main] protocol.RequestAddCookies 123 - CookieSpec selected: ignoreCookies
09-272-2023 13:51:43 RequestAuthCache.java DEBUG [main] protocol.RequestAuthCache 77 - Auth cache not set in the context
09-272-2023 13:51:43 RequestTargetAuthentication.java DEBUG [main] protocol.RequestTargetAuthentication 80 - Target auth state: UNCHALLENGED
09-272-2023 13:51:43 RequestProxyAuthentication.java DEBUG [main] protocol.RequestProxyAuthentication 89 - Proxy auth state: UNCHALLENGED
09-272-2023 13:51:43 DefaultRequestDirector.java DEBUG [main] client.DefaultHttpClient 677 - Attempt 1 to execute request
09-272-2023 13:51:43 DefaultClientConnection.java DEBUG [main] conn.DefaultClientConnection 274 - Sending request: POST /booking HTTP/1.1
09-272-2023 13:51:43 Wire.java DEBUG [main] http.wire 73 -  >> "POST /booking HTTP/1.1[\r][\n]"
09-272-2023 13:51:43 Wire.java DEBUG [main] http.wire 73 -  >> "Accept: application/json[\r][\n]"
09-272-2023 13:51:43 Wire.java DEBUG [main] http.wire 73 -  >> "Content-Type: application/json[\r][\n]"
09-272-2023 13:51:43 Wire.java DEBUG [main] http.wire 73 -  >> "Content-Length: 240[\r][\n]"
09-272-2023 13:51:43 Wire.java DEBUG [main] http.wire 73 -  >> "Host: restful-booker.herokuapp.com[\r][\n]"
09-272-2023 13:51:43 Wire.java DEBUG [main] http.wire 73 -  >> "Connection: Keep-Alive[\r][\n]"
09-272-2023 13:51:43 Wire.java DEBUG [main] http.wire 73 -  >> "User-Agent: Apache-HttpClient/4.5.13 (Java/11.0.20)[\r][\n]"
09-272-2023 13:51:43 Wire.java DEBUG [main] http.wire 73 -  >> "Accept-Encoding: gzip,deflate[\r][\n]"
09-272-2023 13:51:43 Wire.java DEBUG [main] http.wire 73 -  >> "[\r][\n]"
09-272-2023 13:51:43 DefaultClientConnection.java DEBUG [main] http.headers 278 - >> POST /booking HTTP/1.1
09-272-2023 13:51:43 DefaultClientConnection.java DEBUG [main] http.headers 281 - >> Accept: application/json
09-272-2023 13:51:43 DefaultClientConnection.java DEBUG [main] http.headers 281 - >> Content-Type: application/json
09-272-2023 13:51:43 DefaultClientConnection.java DEBUG [main] http.headers 281 - >> Content-Length: 240
09-272-2023 13:51:43 DefaultClientConnection.java DEBUG [main] http.headers 281 - >> Host: restful-booker.herokuapp.com
09-272-2023 13:51:43 DefaultClientConnection.java DEBUG [main] http.headers 281 - >> Connection: Keep-Alive
09-272-2023 13:51:43 DefaultClientConnection.java DEBUG [main] http.headers 281 - >> User-Agent: Apache-HttpClient/4.5.13 (Java/11.0.20)
09-272-2023 13:51:43 DefaultClientConnection.java DEBUG [main] http.headers 281 - >> Accept-Encoding: gzip,deflate
09-272-2023 13:51:43 Wire.java DEBUG [main] http.wire 73 -  >> "{[\r][\n]"
09-272-2023 13:51:43 Wire.java DEBUG [main] http.wire 73 -  >> "  "firstname" : "Dynamo2257",[\r][\n]"
09-272-2023 13:51:43 Wire.java DEBUG [main] http.wire 73 -  >> "  "lastname" : "Dyno1011",[\r][\n]"
09-272-2023 13:51:43 Wire.java DEBUG [main] http.wire 73 -  >> "  "totalprice" : 460862,[\r][\n]"
09-272-2023 13:51:43 Wire.java DEBUG [main] http.wire 73 -  >> "  "depositpaid" : true,[\r][\n]"
09-272-2023 13:51:43 Wire.java DEBUG [main] http.wire 73 -  >> "  "bookingdates" : {[\r][\n]"
09-272-2023 13:51:43 Wire.java DEBUG [main] http.wire 73 -  >> "    "checkin" : "1942-07-12",[\r][\n]"
09-272-2023 13:51:43 Wire.java DEBUG [main] http.wire 73 -  >> "    "checkout" : "1960-03-24"[\r][\n]"
09-272-2023 13:51:43 Wire.java DEBUG [main] http.wire 73 -  >> "  },[\r][\n]"
09-272-2023 13:51:43 Wire.java DEBUG [main] http.wire 73 -  >> "  "additionalneeds" : "Snacks5450"[\r][\n]"
09-272-2023 13:51:43 Wire.java DEBUG [main] http.wire 87 -  >> "}"
09-272-2023 13:51:43 Wire.java DEBUG [main] http.wire 73 -  << "HTTP/1.1 200 OK[\r][\n]"
09-272-2023 13:51:43 Wire.java DEBUG [main] http.wire 73 -  << "Server: Cowboy[\r][\n]"
09-272-2023 13:51:43 Wire.java DEBUG [main] http.wire 73 -  << "Report-To: {"group":"heroku-nel","max_age":3600,"endpoints":[{"url":"https://nel.heroku.com/reports?ts=1695975727&s=j2ac0IeMT647UR1ByxOa%2F64rNEQERIbdXOSSGuwA3L4%3D"}]}[\r][\n]"
09-272-2023 13:51:43 Wire.java DEBUG [main] http.wire 73 -  << "Reporting-Endpoints: heroku-nel=https://nel.heroku.com/reports?ts=1695975727&s=j2ac0IeMT647UR1ByxOa%2F64rNEQERIbdXOSSGuwA3L4%3D[\r][\n]"
09-272-2023 13:51:43 Wire.java DEBUG [main] http.wire 73 -  << "Nel: {"report_to":"heroku-nel","max_age":3600,"success_fraction":0.01,"failure_fraction":0.1,"response_headers":["Via"]}[\r][\n]"
09-272-2023 13:51:43 Wire.java DEBUG [main] http.wire 73 -  << "Connection: keep-alive[\r][\n]"
09-272-2023 13:51:43 Wire.java DEBUG [main] http.wire 73 -  << "X-Powered-By: Express[\r][\n]"
09-272-2023 13:51:43 Wire.java DEBUG [main] http.wire 73 -  << "Content-Type: application/json; charset=utf-8[\r][\n]"
09-272-2023 13:51:43 Wire.java DEBUG [main] http.wire 73 -  << "Content-Length: 210[\r][\n]"
09-272-2023 13:51:43 Wire.java DEBUG [main] http.wire 73 -  << "Etag: W/"d2-53McIrsoZ29bjYCfyBv0EKs6P1w"[\r][\n]"
09-272-2023 13:51:43 Wire.java DEBUG [main] http.wire 73 -  << "Date: Fri, 29 Sep 2023 08:22:07 GMT[\r][\n]"
09-272-2023 13:51:43 Wire.java DEBUG [main] http.wire 73 -  << "Via: 1.1 vegur[\r][\n]"
09-272-2023 13:51:43 Wire.java DEBUG [main] http.wire 73 -  << "[\r][\n]"
09-272-2023 13:51:43 DefaultClientConnection.java DEBUG [main] conn.DefaultClientConnection 259 - Receiving response: HTTP/1.1 200 OK
09-272-2023 13:51:43 DefaultClientConnection.java DEBUG [main] http.headers 262 - << HTTP/1.1 200 OK
09-272-2023 13:51:43 DefaultClientConnection.java DEBUG [main] http.headers 265 - << Server: Cowboy
09-272-2023 13:51:43 DefaultClientConnection.java DEBUG [main] http.headers 265 - << Report-To: {"group":"heroku-nel","max_age":3600,"endpoints":[{"url":"https://nel.heroku.com/reports?ts=1695975727&s=j2ac0IeMT647UR1ByxOa%2F64rNEQERIbdXOSSGuwA3L4%3D"}]}
09-272-2023 13:51:43 DefaultClientConnection.java DEBUG [main] http.headers 265 - << Reporting-Endpoints: heroku-nel=https://nel.heroku.com/reports?ts=1695975727&s=j2ac0IeMT647UR1ByxOa%2F64rNEQERIbdXOSSGuwA3L4%3D
09-272-2023 13:51:43 DefaultClientConnection.java DEBUG [main] http.headers 265 - << Nel: {"report_to":"heroku-nel","max_age":3600,"success_fraction":0.01,"failure_fraction":0.1,"response_headers":["Via"]}
09-272-2023 13:51:43 DefaultClientConnection.java DEBUG [main] http.headers 265 - << Connection: keep-alive
09-272-2023 13:51:43 DefaultClientConnection.java DEBUG [main] http.headers 265 - << X-Powered-By: Express
09-272-2023 13:51:43 DefaultClientConnection.java DEBUG [main] http.headers 265 - << Content-Type: application/json; charset=utf-8
09-272-2023 13:51:43 DefaultClientConnection.java DEBUG [main] http.headers 265 - << Content-Length: 210
09-272-2023 13:51:43 DefaultClientConnection.java DEBUG [main] http.headers 265 - << Etag: W/"d2-53McIrsoZ29bjYCfyBv0EKs6P1w"
09-272-2023 13:51:43 DefaultClientConnection.java DEBUG [main] http.headers 265 - << Date: Fri, 29 Sep 2023 08:22:07 GMT
09-272-2023 13:51:43 DefaultClientConnection.java DEBUG [main] http.headers 265 - << Via: 1.1 vegur
09-272-2023 13:51:43 DefaultRequestDirector.java DEBUG [main] client.DefaultHttpClient 504 - Connection can be kept alive indefinitely
09-272-2023 13:51:43 HTTPBuilder.java DEBUG [main] internal.RequestSpecificationImpl$RestAssuredHttpBuilder 545 - Parsing response as: application/json; charset=utf-8
09-272-2023 13:51:43 HTTPBuilder.java DEBUG [main] internal.RequestSpecificationImpl$RestAssuredHttpBuilder 548 - Parsed data to instance of: class org.apache.http.conn.EofSensorInputStream
09-272-2023 13:51:43 Wire.java DEBUG [main] http.wire 87 -  << "{"bookingid":195,"booking":{"firstname":"Dynamo2257","lastname":"Dyno1011","totalprice":460862,"depositpaid":true,"bookingdates":{"checkin":"1942-07-12","checkout":"1960-03-24"},"additionalneeds":"Snacks5450"}}"
09-272-2023 13:51:43 BasicClientConnectionManager.java DEBUG [main] conn.BasicClientConnectionManager 200 - Releasing connection org.apache.http.impl.conn.ManagedClientConnectionImpl@7d3691e1
09-272-2023 13:51:43 BasicClientConnectionManager.java DEBUG [main] conn.BasicClientConnectionManager 225 - Connection can be kept alive indefinitely
HTTP/1.1 200 OK
Server: Cowboy
Report-To: {"group":"heroku-nel","max_age":3600,"endpoints":[{"url":"https://nel.heroku.com/reports?ts=1695975727&s=j2ac0IeMT647UR1ByxOa%2F64rNEQERIbdXOSSGuwA3L4%3D"}]}
Reporting-Endpoints: heroku-nel=https://nel.heroku.com/reports?ts=1695975727&s=j2ac0IeMT647UR1ByxOa%2F64rNEQERIbdXOSSGuwA3L4%3D
Nel: {"report_to":"heroku-nel","max_age":3600,"success_fraction":0.01,"failure_fraction":0.1,"response_headers":["Via"]}
Connection: keep-alive
X-Powered-By: Express
Content-Type: application/json; charset=utf-8
Content-Length: 210
Etag: W/"d2-53McIrsoZ29bjYCfyBv0EKs6P1w"
Date: Fri, 29 Sep 2023 08:22:07 GMT
Via: 1.1 vegur

{
    "bookingid": 195,
    "booking": {
        "firstname": "Dynamo2257",
        "lastname": "Dyno1011",
        "totalprice": 460862,
        "depositpaid": true,
        "bookingdates": {
            "checkin": "1942-07-12",
            "checkout": "1960-03-24"
        },
        "additionalneeds": "Snacks5450"
    }
}
09-272-2023 13:51:43 BasicClientConnectionManager.java DEBUG [main] conn.BasicClientConnectionManager 161 - Get connection for route {s}->https://restful-booker.herokuapp.com:443
09-272-2023 13:51:43 DefaultClientConnectionOperator.java DEBUG [main] conn.DefaultClientConnectionOperator 177 - Connecting to restful-booker.herokuapp.com:443
09-272-2023 13:51:44 RequestAddCookies.java DEBUG [main] protocol.RequestAddCookies 123 - CookieSpec selected: ignoreCookies
09-272-2023 13:51:44 RequestAuthCache.java DEBUG [main] protocol.RequestAuthCache 77 - Auth cache not set in the context
09-272-2023 13:51:44 RequestTargetAuthentication.java DEBUG [main] protocol.RequestTargetAuthentication 80 - Target auth state: UNCHALLENGED
09-272-2023 13:51:44 RequestProxyAuthentication.java DEBUG [main] protocol.RequestProxyAuthentication 89 - Proxy auth state: UNCHALLENGED
09-272-2023 13:51:44 DefaultRequestDirector.java DEBUG [main] client.DefaultHttpClient 677 - Attempt 1 to execute request
09-272-2023 13:51:44 DefaultClientConnection.java DEBUG [main] conn.DefaultClientConnection 274 - Sending request: GET /booking/195 HTTP/1.1
09-272-2023 13:51:44 Wire.java DEBUG [main] http.wire 73 -  >> "GET /booking/195 HTTP/1.1[\r][\n]"
09-272-2023 13:51:44 Wire.java DEBUG [main] http.wire 73 -  >> "Accept: */*[\r][\n]"
09-272-2023 13:51:44 Wire.java DEBUG [main] http.wire 73 -  >> "Host: restful-booker.herokuapp.com[\r][\n]"
09-272-2023 13:51:44 Wire.java DEBUG [main] http.wire 73 -  >> "Connection: Keep-Alive[\r][\n]"
09-272-2023 13:51:44 Wire.java DEBUG [main] http.wire 73 -  >> "User-Agent: Apache-HttpClient/4.5.13 (Java/11.0.20)[\r][\n]"
09-272-2023 13:51:44 Wire.java DEBUG [main] http.wire 73 -  >> "Accept-Encoding: gzip,deflate[\r][\n]"
09-272-2023 13:51:44 Wire.java DEBUG [main] http.wire 73 -  >> "[\r][\n]"
09-272-2023 13:51:44 DefaultClientConnection.java DEBUG [main] http.headers 278 - >> GET /booking/195 HTTP/1.1
09-272-2023 13:51:44 DefaultClientConnection.java DEBUG [main] http.headers 281 - >> Accept: */*
09-272-2023 13:51:44 DefaultClientConnection.java DEBUG [main] http.headers 281 - >> Host: restful-booker.herokuapp.com
09-272-2023 13:51:44 DefaultClientConnection.java DEBUG [main] http.headers 281 - >> Connection: Keep-Alive
09-272-2023 13:51:44 DefaultClientConnection.java DEBUG [main] http.headers 281 - >> User-Agent: Apache-HttpClient/4.5.13 (Java/11.0.20)
09-272-2023 13:51:44 DefaultClientConnection.java DEBUG [main] http.headers 281 - >> Accept-Encoding: gzip,deflate
09-272-2023 13:51:44 Wire.java DEBUG [main] http.wire 73 -  << "HTTP/1.1 200 OK[\r][\n]"
09-272-2023 13:51:44 Wire.java DEBUG [main] http.wire 73 -  << "Server: Cowboy[\r][\n]"
09-272-2023 13:51:44 Wire.java DEBUG [main] http.wire 73 -  << "Connection: keep-alive[\r][\n]"
09-272-2023 13:51:44 Wire.java DEBUG [main] http.wire 73 -  << "X-Powered-By: Express[\r][\n]"
09-272-2023 13:51:44 Wire.java DEBUG [main] http.wire 73 -  << "Content-Type: application/json; charset=utf-8[\r][\n]"
09-272-2023 13:51:44 Wire.java DEBUG [main] http.wire 73 -  << "Content-Length: 182[\r][\n]"
09-272-2023 13:51:44 Wire.java DEBUG [main] http.wire 73 -  << "Etag: W/"b6-Gf7B5kvV1y2l+ICDQ6lgmdpSGSU"[\r][\n]"
09-272-2023 13:51:44 Wire.java DEBUG [main] http.wire 73 -  << "Date: Fri, 29 Sep 2023 08:22:09 GMT[\r][\n]"
09-272-2023 13:51:44 Wire.java DEBUG [main] http.wire 73 -  << "Via: 1.1 vegur[\r][\n]"
09-272-2023 13:51:44 Wire.java DEBUG [main] http.wire 73 -  << "[\r][\n]"
09-272-2023 13:51:44 DefaultClientConnection.java DEBUG [main] conn.DefaultClientConnection 259 - Receiving response: HTTP/1.1 200 OK
09-272-2023 13:51:44 DefaultClientConnection.java DEBUG [main] http.headers 262 - << HTTP/1.1 200 OK
09-272-2023 13:51:44 DefaultClientConnection.java DEBUG [main] http.headers 265 - << Server: Cowboy
09-272-2023 13:51:44 DefaultClientConnection.java DEBUG [main] http.headers 265 - << Connection: keep-alive
09-272-2023 13:51:44 DefaultClientConnection.java DEBUG [main] http.headers 265 - << X-Powered-By: Express
09-272-2023 13:51:44 DefaultClientConnection.java DEBUG [main] http.headers 265 - << Content-Type: application/json; charset=utf-8
09-272-2023 13:51:44 DefaultClientConnection.java DEBUG [main] http.headers 265 - << Content-Length: 182
09-272-2023 13:51:44 DefaultClientConnection.java DEBUG [main] http.headers 265 - << Etag: W/"b6-Gf7B5kvV1y2l+ICDQ6lgmdpSGSU"
09-272-2023 13:51:44 DefaultClientConnection.java DEBUG [main] http.headers 265 - << Date: Fri, 29 Sep 2023 08:22:09 GMT
09-272-2023 13:51:44 DefaultClientConnection.java DEBUG [main] http.headers 265 - << Via: 1.1 vegur
09-272-2023 13:51:44 DefaultRequestDirector.java DEBUG [main] client.DefaultHttpClient 504 - Connection can be kept alive indefinitely
09-272-2023 13:51:44 HTTPBuilder.java DEBUG [main] internal.RequestSpecificationImpl$RestAssuredHttpBuilder 545 - Parsing response as: application/json; charset=utf-8
09-272-2023 13:51:44 HTTPBuilder.java DEBUG [main] internal.RequestSpecificationImpl$RestAssuredHttpBuilder 548 - Parsed data to instance of: class org.apache.http.conn.EofSensorInputStream
09-272-2023 13:51:44 Wire.java DEBUG [main] http.wire 87 -  << "{"firstname":"Dynamo2257","lastname":"Dyno1011","totalprice":460862,"depositpaid":true,"bookingdates":{"checkin":"1942-07-12","checkout":"1960-03-24"},"additionalneeds":"Snacks5450"}"
09-272-2023 13:51:44 BasicClientConnectionManager.java DEBUG [main] conn.BasicClientConnectionManager 200 - Releasing connection org.apache.http.impl.conn.ManagedClientConnectionImpl@7d66e544
09-272-2023 13:51:44 BasicClientConnectionManager.java DEBUG [main] conn.BasicClientConnectionManager 225 - Connection can be kept alive indefinitely
09-272-2023 13:51:44 CreateAPI.java INFO  [main] CRUD_Operations.CreateAPI 42 - Booking Record Has Been Created and Validated
]]></system-out>
  </testcase>
  <testcase name="createBooking" classname="CRUD_Operations.CreateAPI" time="2.464">
    <system-out><![CDATA[09-272-2023 13:51:52 CreateAPI.java INFO  [main] CRUD_Operations.CreateAPI 26 - Booking Creation Started
09-272-2023 13:51:52 BasicClientConnectionManager.java DEBUG [main] conn.BasicClientConnectionManager 161 - Get connection for route {s}->https://restful-booker.herokuapp.com:443
09-272-2023 13:51:52 DefaultClientConnectionOperator.java DEBUG [main] conn.DefaultClientConnectionOperator 177 - Connecting to restful-booker.herokuapp.com:443
09-272-2023 13:51:53 RequestAddCookies.java DEBUG [main] protocol.RequestAddCookies 123 - CookieSpec selected: ignoreCookies
09-272-2023 13:51:53 RequestAuthCache.java DEBUG [main] protocol.RequestAuthCache 77 - Auth cache not set in the context
09-272-2023 13:51:53 RequestTargetAuthentication.java DEBUG [main] protocol.RequestTargetAuthentication 80 - Target auth state: UNCHALLENGED
09-272-2023 13:51:53 RequestProxyAuthentication.java DEBUG [main] protocol.RequestProxyAuthentication 89 - Proxy auth state: UNCHALLENGED
09-272-2023 13:51:53 DefaultRequestDirector.java DEBUG [main] client.DefaultHttpClient 677 - Attempt 1 to execute request
09-272-2023 13:51:53 DefaultClientConnection.java DEBUG [main] conn.DefaultClientConnection 274 - Sending request: POST /booking HTTP/1.1
09-272-2023 13:51:53 Wire.java DEBUG [main] http.wire 73 -  >> "POST /booking HTTP/1.1[\r][\n]"
09-272-2023 13:51:53 Wire.java DEBUG [main] http.wire 73 -  >> "Accept: application/json[\r][\n]"
09-272-2023 13:51:53 Wire.java DEBUG [main] http.wire 73 -  >> "Content-Type: application/json[\r][\n]"
09-272-2023 13:51:53 Wire.java DEBUG [main] http.wire 73 -  >> "Content-Length: 240[\r][\n]"
09-272-2023 13:51:53 Wire.java DEBUG [main] http.wire 73 -  >> "Host: restful-booker.herokuapp.com[\r][\n]"
09-272-2023 13:51:53 Wire.java DEBUG [main] http.wire 73 -  >> "Connection: Keep-Alive[\r][\n]"
09-272-2023 13:51:53 Wire.java DEBUG [main] http.wire 73 -  >> "User-Agent: Apache-HttpClient/4.5.13 (Java/11.0.20)[\r][\n]"
09-272-2023 13:51:53 Wire.java DEBUG [main] http.wire 73 -  >> "Accept-Encoding: gzip,deflate[\r][\n]"
09-272-2023 13:51:53 Wire.java DEBUG [main] http.wire 73 -  >> "[\r][\n]"
09-272-2023 13:51:53 DefaultClientConnection.java DEBUG [main] http.headers 278 - >> POST /booking HTTP/1.1
09-272-2023 13:51:53 DefaultClientConnection.java DEBUG [main] http.headers 281 - >> Accept: application/json
09-272-2023 13:51:53 DefaultClientConnection.java DEBUG [main] http.headers 281 - >> Content-Type: application/json
09-272-2023 13:51:53 DefaultClientConnection.java DEBUG [main] http.headers 281 - >> Content-Length: 240
09-272-2023 13:51:53 DefaultClientConnection.java DEBUG [main] http.headers 281 - >> Host: restful-booker.herokuapp.com
09-272-2023 13:51:53 DefaultClientConnection.java DEBUG [main] http.headers 281 - >> Connection: Keep-Alive
09-272-2023 13:51:53 DefaultClientConnection.java DEBUG [main] http.headers 281 - >> User-Agent: Apache-HttpClient/4.5.13 (Java/11.0.20)
09-272-2023 13:51:53 DefaultClientConnection.java DEBUG [main] http.headers 281 - >> Accept-Encoding: gzip,deflate
09-272-2023 13:51:53 Wire.java DEBUG [main] http.wire 73 -  >> "{[\r][\n]"
09-272-2023 13:51:53 Wire.java DEBUG [main] http.wire 73 -  >> "  "firstname" : "Dynamo7434",[\r][\n]"
09-272-2023 13:51:53 Wire.java DEBUG [main] http.wire 73 -  >> "  "lastname" : "Dyno5863",[\r][\n]"
09-272-2023 13:51:53 Wire.java DEBUG [main] http.wire 73 -  >> "  "totalprice" : 24627,[\r][\n]"
09-272-2023 13:51:53 Wire.java DEBUG [main] http.wire 73 -  >> "  "depositpaid" : false,[\r][\n]"
09-272-2023 13:51:53 Wire.java DEBUG [main] http.wire 73 -  >> "  "bookingdates" : {[\r][\n]"
09-272-2023 13:51:53 Wire.java DEBUG [main] http.wire 73 -  >> "    "checkin" : "1885-04-25",[\r][\n]"
09-272-2023 13:51:53 Wire.java DEBUG [main] http.wire 73 -  >> "    "checkout" : "1941-02-23"[\r][\n]"
09-272-2023 13:51:53 Wire.java DEBUG [main] http.wire 73 -  >> "  },[\r][\n]"
09-272-2023 13:51:53 Wire.java DEBUG [main] http.wire 73 -  >> "  "additionalneeds" : "Snacks1753"[\r][\n]"
09-272-2023 13:51:53 Wire.java DEBUG [main] http.wire 87 -  >> "}"
09-272-2023 13:51:53 Wire.java DEBUG [main] http.wire 73 -  << "HTTP/1.1 200 OK[\r][\n]"
09-272-2023 13:51:53 Wire.java DEBUG [main] http.wire 73 -  << "Server: Cowboy[\r][\n]"
09-272-2023 13:51:53 Wire.java DEBUG [main] http.wire 73 -  << "Report-To: {"group":"heroku-nel","max_age":3600,"endpoints":[{"url":"https://nel.heroku.com/reports?ts=1695975737&s=Pbrh0YcSQH6htBalEBTILzY0VnVozjQfDa%2BM0iGVfB0%3D"}]}[\r][\n]"
09-272-2023 13:51:53 Wire.java DEBUG [main] http.wire 73 -  << "Reporting-Endpoints: heroku-nel=https://nel.heroku.com/reports?ts=1695975737&s=Pbrh0YcSQH6htBalEBTILzY0VnVozjQfDa%2BM0iGVfB0%3D[\r][\n]"
09-272-2023 13:51:53 Wire.java DEBUG [main] http.wire 73 -  << "Nel: {"report_to":"heroku-nel","max_age":3600,"success_fraction":0.01,"failure_fraction":0.1,"response_headers":["Via"]}[\r][\n]"
09-272-2023 13:51:53 Wire.java DEBUG [main] http.wire 73 -  << "Connection: keep-alive[\r][\n]"
09-272-2023 13:51:53 Wire.java DEBUG [main] http.wire 73 -  << "X-Powered-By: Express[\r][\n]"
09-272-2023 13:51:53 Wire.java DEBUG [main] http.wire 73 -  << "Content-Type: application/json; charset=utf-8[\r][\n]"
09-272-2023 13:51:53 Wire.java DEBUG [main] http.wire 73 -  << "Content-Length: 210[\r][\n]"
09-272-2023 13:51:53 Wire.java DEBUG [main] http.wire 73 -  << "Etag: W/"d2-4gXNBMYfLz9DKH4ONZJd/M2JgHY"[\r][\n]"
09-272-2023 13:51:53 Wire.java DEBUG [main] http.wire 73 -  << "Date: Fri, 29 Sep 2023 08:22:17 GMT[\r][\n]"
09-272-2023 13:51:53 Wire.java DEBUG [main] http.wire 73 -  << "Via: 1.1 vegur[\r][\n]"
09-272-2023 13:51:53 Wire.java DEBUG [main] http.wire 73 -  << "[\r][\n]"
09-272-2023 13:51:53 DefaultClientConnection.java DEBUG [main] conn.DefaultClientConnection 259 - Receiving response: HTTP/1.1 200 OK
09-272-2023 13:51:53 DefaultClientConnection.java DEBUG [main] http.headers 262 - << HTTP/1.1 200 OK
09-272-2023 13:51:53 DefaultClientConnection.java DEBUG [main] http.headers 265 - << Server: Cowboy
09-272-2023 13:51:53 DefaultClientConnection.java DEBUG [main] http.headers 265 - << Report-To: {"group":"heroku-nel","max_age":3600,"endpoints":[{"url":"https://nel.heroku.com/reports?ts=1695975737&s=Pbrh0YcSQH6htBalEBTILzY0VnVozjQfDa%2BM0iGVfB0%3D"}]}
09-272-2023 13:51:53 DefaultClientConnection.java DEBUG [main] http.headers 265 - << Reporting-Endpoints: heroku-nel=https://nel.heroku.com/reports?ts=1695975737&s=Pbrh0YcSQH6htBalEBTILzY0VnVozjQfDa%2BM0iGVfB0%3D
09-272-2023 13:51:53 DefaultClientConnection.java DEBUG [main] http.headers 265 - << Nel: {"report_to":"heroku-nel","max_age":3600,"success_fraction":0.01,"failure_fraction":0.1,"response_headers":["Via"]}
09-272-2023 13:51:53 DefaultClientConnection.java DEBUG [main] http.headers 265 - << Connection: keep-alive
09-272-2023 13:51:53 DefaultClientConnection.java DEBUG [main] http.headers 265 - << X-Powered-By: Express
09-272-2023 13:51:53 DefaultClientConnection.java DEBUG [main] http.headers 265 - << Content-Type: application/json; charset=utf-8
09-272-2023 13:51:53 DefaultClientConnection.java DEBUG [main] http.headers 265 - << Content-Length: 210
09-272-2023 13:51:53 DefaultClientConnection.java DEBUG [main] http.headers 265 - << Etag: W/"d2-4gXNBMYfLz9DKH4ONZJd/M2JgHY"
09-272-2023 13:51:53 DefaultClientConnection.java DEBUG [main] http.headers 265 - << Date: Fri, 29 Sep 2023 08:22:17 GMT
09-272-2023 13:51:53 DefaultClientConnection.java DEBUG [main] http.headers 265 - << Via: 1.1 vegur
09-272-2023 13:51:53 DefaultRequestDirector.java DEBUG [main] client.DefaultHttpClient 504 - Connection can be kept alive indefinitely
09-272-2023 13:51:53 HTTPBuilder.java DEBUG [main] internal.RequestSpecificationImpl$RestAssuredHttpBuilder 545 - Parsing response as: application/json; charset=utf-8
09-272-2023 13:51:53 HTTPBuilder.java DEBUG [main] internal.RequestSpecificationImpl$RestAssuredHttpBuilder 548 - Parsed data to instance of: class org.apache.http.conn.EofSensorInputStream
09-272-2023 13:51:53 Wire.java DEBUG [main] http.wire 87 -  << "{"bookingid":282,"booking":{"firstname":"Dynamo7434","lastname":"Dyno5863","totalprice":24627,"depositpaid":false,"bookingdates":{"checkin":"1885-04-25","checkout":"1941-02-23"},"additionalneeds":"Snacks1753"}}"
09-272-2023 13:51:53 BasicClientConnectionManager.java DEBUG [main] conn.BasicClientConnectionManager 200 - Releasing connection org.apache.http.impl.conn.ManagedClientConnectionImpl@1144a02b
09-272-2023 13:51:53 BasicClientConnectionManager.java DEBUG [main] conn.BasicClientConnectionManager 225 - Connection can be kept alive indefinitely
HTTP/1.1 200 OK
Server: Cowboy
Report-To: {"group":"heroku-nel","max_age":3600,"endpoints":[{"url":"https://nel.heroku.com/reports?ts=1695975737&s=Pbrh0YcSQH6htBalEBTILzY0VnVozjQfDa%2BM0iGVfB0%3D"}]}
Reporting-Endpoints: heroku-nel=https://nel.heroku.com/reports?ts=1695975737&s=Pbrh0YcSQH6htBalEBTILzY0VnVozjQfDa%2BM0iGVfB0%3D
Nel: {"report_to":"heroku-nel","max_age":3600,"success_fraction":0.01,"failure_fraction":0.1,"response_headers":["Via"]}
Connection: keep-alive
X-Powered-By: Express
Content-Type: application/json; charset=utf-8
Content-Length: 210
Etag: W/"d2-4gXNBMYfLz9DKH4ONZJd/M2JgHY"
Date: Fri, 29 Sep 2023 08:22:17 GMT
Via: 1.1 vegur

{
    "bookingid": 282,
    "booking": {
        "firstname": "Dynamo7434",
        "lastname": "Dyno5863",
        "totalprice": 24627,
        "depositpaid": false,
        "bookingdates": {
            "checkin": "1885-04-25",
            "checkout": "1941-02-23"
        },
        "additionalneeds": "Snacks1753"
    }
}
09-272-2023 13:51:53 BasicClientConnectionManager.java DEBUG [main] conn.BasicClientConnectionManager 161 - Get connection for route {s}->https://restful-booker.herokuapp.com:443
09-272-2023 13:51:53 DefaultClientConnectionOperator.java DEBUG [main] conn.DefaultClientConnectionOperator 177 - Connecting to restful-booker.herokuapp.com:443
09-272-2023 13:51:54 RequestAddCookies.java DEBUG [main] protocol.RequestAddCookies 123 - CookieSpec selected: ignoreCookies
09-272-2023 13:51:54 RequestAuthCache.java DEBUG [main] protocol.RequestAuthCache 77 - Auth cache not set in the context
09-272-2023 13:51:54 RequestTargetAuthentication.java DEBUG [main] protocol.RequestTargetAuthentication 80 - Target auth state: UNCHALLENGED
09-272-2023 13:51:54 RequestProxyAuthentication.java DEBUG [main] protocol.RequestProxyAuthentication 89 - Proxy auth state: UNCHALLENGED
09-272-2023 13:51:54 DefaultRequestDirector.java DEBUG [main] client.DefaultHttpClient 677 - Attempt 1 to execute request
09-272-2023 13:51:54 DefaultClientConnection.java DEBUG [main] conn.DefaultClientConnection 274 - Sending request: GET /booking/282 HTTP/1.1
09-272-2023 13:51:54 Wire.java DEBUG [main] http.wire 73 -  >> "GET /booking/282 HTTP/1.1[\r][\n]"
09-272-2023 13:51:54 Wire.java DEBUG [main] http.wire 73 -  >> "Accept: */*[\r][\n]"
09-272-2023 13:51:54 Wire.java DEBUG [main] http.wire 73 -  >> "Host: restful-booker.herokuapp.com[\r][\n]"
09-272-2023 13:51:54 Wire.java DEBUG [main] http.wire 73 -  >> "Connection: Keep-Alive[\r][\n]"
09-272-2023 13:51:54 Wire.java DEBUG [main] http.wire 73 -  >> "User-Agent: Apache-HttpClient/4.5.13 (Java/11.0.20)[\r][\n]"
09-272-2023 13:51:54 Wire.java DEBUG [main] http.wire 73 -  >> "Accept-Encoding: gzip,deflate[\r][\n]"
09-272-2023 13:51:54 Wire.java DEBUG [main] http.wire 73 -  >> "[\r][\n]"
09-272-2023 13:51:54 DefaultClientConnection.java DEBUG [main] http.headers 278 - >> GET /booking/282 HTTP/1.1
09-272-2023 13:51:54 DefaultClientConnection.java DEBUG [main] http.headers 281 - >> Accept: */*
09-272-2023 13:51:54 DefaultClientConnection.java DEBUG [main] http.headers 281 - >> Host: restful-booker.herokuapp.com
09-272-2023 13:51:54 DefaultClientConnection.java DEBUG [main] http.headers 281 - >> Connection: Keep-Alive
09-272-2023 13:51:54 DefaultClientConnection.java DEBUG [main] http.headers 281 - >> User-Agent: Apache-HttpClient/4.5.13 (Java/11.0.20)
09-272-2023 13:51:54 DefaultClientConnection.java DEBUG [main] http.headers 281 - >> Accept-Encoding: gzip,deflate
09-272-2023 13:51:54 Wire.java DEBUG [main] http.wire 73 -  << "HTTP/1.1 200 OK[\r][\n]"
09-272-2023 13:51:54 Wire.java DEBUG [main] http.wire 73 -  << "Server: Cowboy[\r][\n]"
09-272-2023 13:51:54 Wire.java DEBUG [main] http.wire 73 -  << "Connection: keep-alive[\r][\n]"
09-272-2023 13:51:54 Wire.java DEBUG [main] http.wire 73 -  << "X-Powered-By: Express[\r][\n]"
09-272-2023 13:51:54 Wire.java DEBUG [main] http.wire 73 -  << "Content-Type: application/json; charset=utf-8[\r][\n]"
09-272-2023 13:51:54 Wire.java DEBUG [main] http.wire 73 -  << "Content-Length: 182[\r][\n]"
09-272-2023 13:51:54 Wire.java DEBUG [main] http.wire 73 -  << "Etag: W/"b6-wy3/760luUkjYqw+RUbDMz8Be+g"[\r][\n]"
09-272-2023 13:51:54 Wire.java DEBUG [main] http.wire 73 -  << "Date: Fri, 29 Sep 2023 08:22:19 GMT[\r][\n]"
09-272-2023 13:51:54 Wire.java DEBUG [main] http.wire 73 -  << "Via: 1.1 vegur[\r][\n]"
09-272-2023 13:51:54 Wire.java DEBUG [main] http.wire 73 -  << "[\r][\n]"
09-272-2023 13:51:54 DefaultClientConnection.java DEBUG [main] conn.DefaultClientConnection 259 - Receiving response: HTTP/1.1 200 OK
09-272-2023 13:51:54 DefaultClientConnection.java DEBUG [main] http.headers 262 - << HTTP/1.1 200 OK
09-272-2023 13:51:54 DefaultClientConnection.java DEBUG [main] http.headers 265 - << Server: Cowboy
09-272-2023 13:51:54 DefaultClientConnection.java DEBUG [main] http.headers 265 - << Connection: keep-alive
09-272-2023 13:51:54 DefaultClientConnection.java DEBUG [main] http.headers 265 - << X-Powered-By: Express
09-272-2023 13:51:54 DefaultClientConnection.java DEBUG [main] http.headers 265 - << Content-Type: application/json; charset=utf-8
09-272-2023 13:51:54 DefaultClientConnection.java DEBUG [main] http.headers 265 - << Content-Length: 182
09-272-2023 13:51:54 DefaultClientConnection.java DEBUG [main] http.headers 265 - << Etag: W/"b6-wy3/760luUkjYqw+RUbDMz8Be+g"
09-272-2023 13:51:54 DefaultClientConnection.java DEBUG [main] http.headers 265 - << Date: Fri, 29 Sep 2023 08:22:19 GMT
09-272-2023 13:51:54 DefaultClientConnection.java DEBUG [main] http.headers 265 - << Via: 1.1 vegur
09-272-2023 13:51:54 DefaultRequestDirector.java DEBUG [main] client.DefaultHttpClient 504 - Connection can be kept alive indefinitely
09-272-2023 13:51:54 HTTPBuilder.java DEBUG [main] internal.RequestSpecificationImpl$RestAssuredHttpBuilder 545 - Parsing response as: application/json; charset=utf-8
09-272-2023 13:51:54 HTTPBuilder.java DEBUG [main] internal.RequestSpecificationImpl$RestAssuredHttpBuilder 548 - Parsed data to instance of: class org.apache.http.conn.EofSensorInputStream
09-272-2023 13:51:54 Wire.java DEBUG [main] http.wire 87 -  << "{"firstname":"Dynamo7434","lastname":"Dyno5863","totalprice":24627,"depositpaid":false,"bookingdates":{"checkin":"1885-04-25","checkout":"1941-02-23"},"additionalneeds":"Snacks1753"}"
09-272-2023 13:51:54 BasicClientConnectionManager.java DEBUG [main] conn.BasicClientConnectionManager 200 - Releasing connection org.apache.http.impl.conn.ManagedClientConnectionImpl@14b8a751
09-272-2023 13:51:54 BasicClientConnectionManager.java DEBUG [main] conn.BasicClientConnectionManager 225 - Connection can be kept alive indefinitely
09-272-2023 13:51:54 CreateAPI.java INFO  [main] CRUD_Operations.CreateAPI 42 - Booking Record Has Been Created and Validated
]]></system-out>
  </testcase>
  <testcase name="getBookingRecord" classname="CRUD_Operations.GetAPI" time="2.507">
    <system-out><![CDATA[09-272-2023 13:51:44 GetAPI.java INFO  [main] CRUD_Operations.GetAPI 23 - Fetching Booking Record Process Started
09-272-2023 13:51:44 BasicClientConnectionManager.java DEBUG [main] conn.BasicClientConnectionManager 161 - Get connection for route {s}->https://restful-booker.herokuapp.com:443
09-272-2023 13:51:44 DefaultClientConnectionOperator.java DEBUG [main] conn.DefaultClientConnectionOperator 177 - Connecting to restful-booker.herokuapp.com:443
09-272-2023 13:51:45 RequestAddCookies.java DEBUG [main] protocol.RequestAddCookies 123 - CookieSpec selected: ignoreCookies
09-272-2023 13:51:45 RequestAuthCache.java DEBUG [main] protocol.RequestAuthCache 77 - Auth cache not set in the context
09-272-2023 13:51:45 RequestTargetAuthentication.java DEBUG [main] protocol.RequestTargetAuthentication 80 - Target auth state: UNCHALLENGED
09-272-2023 13:51:45 RequestProxyAuthentication.java DEBUG [main] protocol.RequestProxyAuthentication 89 - Proxy auth state: UNCHALLENGED
09-272-2023 13:51:45 DefaultRequestDirector.java DEBUG [main] client.DefaultHttpClient 677 - Attempt 1 to execute request
09-272-2023 13:51:45 DefaultClientConnection.java DEBUG [main] conn.DefaultClientConnection 274 - Sending request: GET /booking/195 HTTP/1.1
09-272-2023 13:51:45 Wire.java DEBUG [main] http.wire 73 -  >> "GET /booking/195 HTTP/1.1[\r][\n]"
09-272-2023 13:51:45 Wire.java DEBUG [main] http.wire 73 -  >> "Accept: application/json[\r][\n]"
09-272-2023 13:51:45 Wire.java DEBUG [main] http.wire 73 -  >> "Host: restful-booker.herokuapp.com[\r][\n]"
09-272-2023 13:51:45 Wire.java DEBUG [main] http.wire 73 -  >> "Connection: Keep-Alive[\r][\n]"
09-272-2023 13:51:45 Wire.java DEBUG [main] http.wire 73 -  >> "User-Agent: Apache-HttpClient/4.5.13 (Java/11.0.20)[\r][\n]"
09-272-2023 13:51:45 Wire.java DEBUG [main] http.wire 73 -  >> "Accept-Encoding: gzip,deflate[\r][\n]"
09-272-2023 13:51:45 Wire.java DEBUG [main] http.wire 73 -  >> "[\r][\n]"
09-272-2023 13:51:45 DefaultClientConnection.java DEBUG [main] http.headers 278 - >> GET /booking/195 HTTP/1.1
09-272-2023 13:51:45 DefaultClientConnection.java DEBUG [main] http.headers 281 - >> Accept: application/json
09-272-2023 13:51:45 DefaultClientConnection.java DEBUG [main] http.headers 281 - >> Host: restful-booker.herokuapp.com
09-272-2023 13:51:45 DefaultClientConnection.java DEBUG [main] http.headers 281 - >> Connection: Keep-Alive
09-272-2023 13:51:45 DefaultClientConnection.java DEBUG [main] http.headers 281 - >> User-Agent: Apache-HttpClient/4.5.13 (Java/11.0.20)
09-272-2023 13:51:45 DefaultClientConnection.java DEBUG [main] http.headers 281 - >> Accept-Encoding: gzip,deflate
09-272-2023 13:51:46 Wire.java DEBUG [main] http.wire 73 -  << "HTTP/1.1 200 OK[\r][\n]"
09-272-2023 13:51:46 Wire.java DEBUG [main] http.wire 73 -  << "Server: Cowboy[\r][\n]"
09-272-2023 13:51:46 Wire.java DEBUG [main] http.wire 73 -  << "Connection: keep-alive[\r][\n]"
09-272-2023 13:51:46 Wire.java DEBUG [main] http.wire 73 -  << "X-Powered-By: Express[\r][\n]"
09-272-2023 13:51:46 Wire.java DEBUG [main] http.wire 73 -  << "Content-Type: application/json; charset=utf-8[\r][\n]"
09-272-2023 13:51:46 Wire.java DEBUG [main] http.wire 73 -  << "Content-Length: 182[\r][\n]"
09-272-2023 13:51:46 Wire.java DEBUG [main] http.wire 73 -  << "Etag: W/"b6-Gf7B5kvV1y2l+ICDQ6lgmdpSGSU"[\r][\n]"
09-272-2023 13:51:46 Wire.java DEBUG [main] http.wire 73 -  << "Date: Fri, 29 Sep 2023 08:22:10 GMT[\r][\n]"
09-272-2023 13:51:46 Wire.java DEBUG [main] http.wire 73 -  << "Via: 1.1 vegur[\r][\n]"
09-272-2023 13:51:46 Wire.java DEBUG [main] http.wire 73 -  << "[\r][\n]"
09-272-2023 13:51:46 DefaultClientConnection.java DEBUG [main] conn.DefaultClientConnection 259 - Receiving response: HTTP/1.1 200 OK
09-272-2023 13:51:46 DefaultClientConnection.java DEBUG [main] http.headers 262 - << HTTP/1.1 200 OK
09-272-2023 13:51:46 DefaultClientConnection.java DEBUG [main] http.headers 265 - << Server: Cowboy
09-272-2023 13:51:46 DefaultClientConnection.java DEBUG [main] http.headers 265 - << Connection: keep-alive
09-272-2023 13:51:46 DefaultClientConnection.java DEBUG [main] http.headers 265 - << X-Powered-By: Express
09-272-2023 13:51:46 DefaultClientConnection.java DEBUG [main] http.headers 265 - << Content-Type: application/json; charset=utf-8
09-272-2023 13:51:46 DefaultClientConnection.java DEBUG [main] http.headers 265 - << Content-Length: 182
09-272-2023 13:51:46 DefaultClientConnection.java DEBUG [main] http.headers 265 - << Etag: W/"b6-Gf7B5kvV1y2l+ICDQ6lgmdpSGSU"
09-272-2023 13:51:46 DefaultClientConnection.java DEBUG [main] http.headers 265 - << Date: Fri, 29 Sep 2023 08:22:10 GMT
09-272-2023 13:51:46 DefaultClientConnection.java DEBUG [main] http.headers 265 - << Via: 1.1 vegur
09-272-2023 13:51:46 DefaultRequestDirector.java DEBUG [main] client.DefaultHttpClient 504 - Connection can be kept alive indefinitely
09-272-2023 13:51:46 HTTPBuilder.java DEBUG [main] internal.RequestSpecificationImpl$RestAssuredHttpBuilder 545 - Parsing response as: application/json; charset=utf-8
09-272-2023 13:51:46 HTTPBuilder.java DEBUG [main] internal.RequestSpecificationImpl$RestAssuredHttpBuilder 548 - Parsed data to instance of: class org.apache.http.conn.EofSensorInputStream
09-272-2023 13:51:46 Wire.java DEBUG [main] http.wire 87 -  << "{"firstname":"Dynamo2257","lastname":"Dyno1011","totalprice":460862,"depositpaid":true,"bookingdates":{"checkin":"1942-07-12","checkout":"1960-03-24"},"additionalneeds":"Snacks5450"}"
09-272-2023 13:51:46 BasicClientConnectionManager.java DEBUG [main] conn.BasicClientConnectionManager 200 - Releasing connection org.apache.http.impl.conn.ManagedClientConnectionImpl@138f0661
09-272-2023 13:51:46 BasicClientConnectionManager.java DEBUG [main] conn.BasicClientConnectionManager 225 - Connection can be kept alive indefinitely
{
    "firstname": "Dynamo2257",
    "lastname": "Dyno1011",
    "totalprice": 460862,
    "depositpaid": true,
    "bookingdates": {
        "checkin": "1942-07-12",
        "checkout": "1960-03-24"
    },
    "additionalneeds": "Snacks5450"
}
09-272-2023 13:51:46 BasicClientConnectionManager.java DEBUG [main] conn.BasicClientConnectionManager 161 - Get connection for route {s}->https://restful-booker.herokuapp.com:443
09-272-2023 13:51:46 DefaultClientConnectionOperator.java DEBUG [main] conn.DefaultClientConnectionOperator 177 - Connecting to restful-booker.herokuapp.com:443
09-272-2023 13:51:47 RequestAddCookies.java DEBUG [main] protocol.RequestAddCookies 123 - CookieSpec selected: ignoreCookies
09-272-2023 13:51:47 RequestAuthCache.java DEBUG [main] protocol.RequestAuthCache 77 - Auth cache not set in the context
09-272-2023 13:51:47 RequestTargetAuthentication.java DEBUG [main] protocol.RequestTargetAuthentication 80 - Target auth state: UNCHALLENGED
09-272-2023 13:51:47 RequestProxyAuthentication.java DEBUG [main] protocol.RequestProxyAuthentication 89 - Proxy auth state: UNCHALLENGED
09-272-2023 13:51:47 DefaultRequestDirector.java DEBUG [main] client.DefaultHttpClient 677 - Attempt 1 to execute request
09-272-2023 13:51:47 DefaultClientConnection.java DEBUG [main] conn.DefaultClientConnection 274 - Sending request: GET /booking/195 HTTP/1.1
09-272-2023 13:51:47 Wire.java DEBUG [main] http.wire 73 -  >> "GET /booking/195 HTTP/1.1[\r][\n]"
09-272-2023 13:51:47 Wire.java DEBUG [main] http.wire 73 -  >> "Accept: */*[\r][\n]"
09-272-2023 13:51:47 Wire.java DEBUG [main] http.wire 73 -  >> "Host: restful-booker.herokuapp.com[\r][\n]"
09-272-2023 13:51:47 Wire.java DEBUG [main] http.wire 73 -  >> "Connection: Keep-Alive[\r][\n]"
09-272-2023 13:51:47 Wire.java DEBUG [main] http.wire 73 -  >> "User-Agent: Apache-HttpClient/4.5.13 (Java/11.0.20)[\r][\n]"
09-272-2023 13:51:47 Wire.java DEBUG [main] http.wire 73 -  >> "Accept-Encoding: gzip,deflate[\r][\n]"
09-272-2023 13:51:47 Wire.java DEBUG [main] http.wire 73 -  >> "[\r][\n]"
09-272-2023 13:51:47 DefaultClientConnection.java DEBUG [main] http.headers 278 - >> GET /booking/195 HTTP/1.1
09-272-2023 13:51:47 DefaultClientConnection.java DEBUG [main] http.headers 281 - >> Accept: */*
09-272-2023 13:51:47 DefaultClientConnection.java DEBUG [main] http.headers 281 - >> Host: restful-booker.herokuapp.com
09-272-2023 13:51:47 DefaultClientConnection.java DEBUG [main] http.headers 281 - >> Connection: Keep-Alive
09-272-2023 13:51:47 DefaultClientConnection.java DEBUG [main] http.headers 281 - >> User-Agent: Apache-HttpClient/4.5.13 (Java/11.0.20)
09-272-2023 13:51:47 DefaultClientConnection.java DEBUG [main] http.headers 281 - >> Accept-Encoding: gzip,deflate
09-272-2023 13:51:47 Wire.java DEBUG [main] http.wire 73 -  << "HTTP/1.1 200 OK[\r][\n]"
09-272-2023 13:51:47 Wire.java DEBUG [main] http.wire 73 -  << "Server: Cowboy[\r][\n]"
09-272-2023 13:51:47 Wire.java DEBUG [main] http.wire 73 -  << "Connection: keep-alive[\r][\n]"
09-272-2023 13:51:47 Wire.java DEBUG [main] http.wire 73 -  << "X-Powered-By: Express[\r][\n]"
09-272-2023 13:51:47 Wire.java DEBUG [main] http.wire 73 -  << "Content-Type: application/json; charset=utf-8[\r][\n]"
09-272-2023 13:51:47 Wire.java DEBUG [main] http.wire 73 -  << "Content-Length: 182[\r][\n]"
09-272-2023 13:51:47 Wire.java DEBUG [main] http.wire 73 -  << "Etag: W/"b6-Gf7B5kvV1y2l+ICDQ6lgmdpSGSU"[\r][\n]"
09-272-2023 13:51:47 Wire.java DEBUG [main] http.wire 73 -  << "Date: Fri, 29 Sep 2023 08:22:11 GMT[\r][\n]"
09-272-2023 13:51:47 Wire.java DEBUG [main] http.wire 73 -  << "Via: 1.1 vegur[\r][\n]"
09-272-2023 13:51:47 Wire.java DEBUG [main] http.wire 73 -  << "[\r][\n]"
09-272-2023 13:51:47 DefaultClientConnection.java DEBUG [main] conn.DefaultClientConnection 259 - Receiving response: HTTP/1.1 200 OK
09-272-2023 13:51:47 DefaultClientConnection.java DEBUG [main] http.headers 262 - << HTTP/1.1 200 OK
09-272-2023 13:51:47 DefaultClientConnection.java DEBUG [main] http.headers 265 - << Server: Cowboy
09-272-2023 13:51:47 DefaultClientConnection.java DEBUG [main] http.headers 265 - << Connection: keep-alive
09-272-2023 13:51:47 DefaultClientConnection.java DEBUG [main] http.headers 265 - << X-Powered-By: Express
09-272-2023 13:51:47 DefaultClientConnection.java DEBUG [main] http.headers 265 - << Content-Type: application/json; charset=utf-8
09-272-2023 13:51:47 DefaultClientConnection.java DEBUG [main] http.headers 265 - << Content-Length: 182
09-272-2023 13:51:47 DefaultClientConnection.java DEBUG [main] http.headers 265 - << Etag: W/"b6-Gf7B5kvV1y2l+ICDQ6lgmdpSGSU"
09-272-2023 13:51:47 DefaultClientConnection.java DEBUG [main] http.headers 265 - << Date: Fri, 29 Sep 2023 08:22:11 GMT
09-272-2023 13:51:47 DefaultClientConnection.java DEBUG [main] http.headers 265 - << Via: 1.1 vegur
09-272-2023 13:51:47 DefaultRequestDirector.java DEBUG [main] client.DefaultHttpClient 504 - Connection can be kept alive indefinitely
09-272-2023 13:51:47 HTTPBuilder.java DEBUG [main] internal.RequestSpecificationImpl$RestAssuredHttpBuilder 545 - Parsing response as: application/json; charset=utf-8
09-272-2023 13:51:47 HTTPBuilder.java DEBUG [main] internal.RequestSpecificationImpl$RestAssuredHttpBuilder 548 - Parsed data to instance of: class org.apache.http.conn.EofSensorInputStream
09-272-2023 13:51:47 Wire.java DEBUG [main] http.wire 87 -  << "{"firstname":"Dynamo2257","lastname":"Dyno1011","totalprice":460862,"depositpaid":true,"bookingdates":{"checkin":"1942-07-12","checkout":"1960-03-24"},"additionalneeds":"Snacks5450"}"
09-272-2023 13:51:47 BasicClientConnectionManager.java DEBUG [main] conn.BasicClientConnectionManager 200 - Releasing connection org.apache.http.impl.conn.ManagedClientConnectionImpl@4645679e
09-272-2023 13:51:47 BasicClientConnectionManager.java DEBUG [main] conn.BasicClientConnectionManager 225 - Connection can be kept alive indefinitely
09-272-2023 13:51:47 GetAPI.java INFO  [main] CRUD_Operations.GetAPI 33 - Booking Record Has Been Fetched and Validated
]]></system-out>
  </testcase>
  <testcase name="getBookingRecord" classname="CRUD_Operations.GetAPI" time="2.525">
    <system-out><![CDATA[09-272-2023 13:51:49 GetAPI.java INFO  [main] CRUD_Operations.GetAPI 23 - Fetching Booking Record Process Started
09-272-2023 13:51:49 BasicClientConnectionManager.java DEBUG [main] conn.BasicClientConnectionManager 161 - Get connection for route {s}->https://restful-booker.herokuapp.com:443
09-272-2023 13:51:49 DefaultClientConnectionOperator.java DEBUG [main] conn.DefaultClientConnectionOperator 177 - Connecting to restful-booker.herokuapp.com:443
09-272-2023 13:51:50 RequestAddCookies.java DEBUG [main] protocol.RequestAddCookies 123 - CookieSpec selected: ignoreCookies
09-272-2023 13:51:50 RequestAuthCache.java DEBUG [main] protocol.RequestAuthCache 77 - Auth cache not set in the context
09-272-2023 13:51:50 RequestTargetAuthentication.java DEBUG [main] protocol.RequestTargetAuthentication 80 - Target auth state: UNCHALLENGED
09-272-2023 13:51:50 RequestProxyAuthentication.java DEBUG [main] protocol.RequestProxyAuthentication 89 - Proxy auth state: UNCHALLENGED
09-272-2023 13:51:50 DefaultRequestDirector.java DEBUG [main] client.DefaultHttpClient 677 - Attempt 1 to execute request
09-272-2023 13:51:50 DefaultClientConnection.java DEBUG [main] conn.DefaultClientConnection 274 - Sending request: GET /booking/195 HTTP/1.1
09-272-2023 13:51:50 Wire.java DEBUG [main] http.wire 73 -  >> "GET /booking/195 HTTP/1.1[\r][\n]"
09-272-2023 13:51:50 Wire.java DEBUG [main] http.wire 73 -  >> "Accept: application/json[\r][\n]"
09-272-2023 13:51:50 Wire.java DEBUG [main] http.wire 73 -  >> "Host: restful-booker.herokuapp.com[\r][\n]"
09-272-2023 13:51:50 Wire.java DEBUG [main] http.wire 73 -  >> "Connection: Keep-Alive[\r][\n]"
09-272-2023 13:51:50 Wire.java DEBUG [main] http.wire 73 -  >> "User-Agent: Apache-HttpClient/4.5.13 (Java/11.0.20)[\r][\n]"
09-272-2023 13:51:50 Wire.java DEBUG [main] http.wire 73 -  >> "Accept-Encoding: gzip,deflate[\r][\n]"
09-272-2023 13:51:50 Wire.java DEBUG [main] http.wire 73 -  >> "[\r][\n]"
09-272-2023 13:51:50 DefaultClientConnection.java DEBUG [main] http.headers 278 - >> GET /booking/195 HTTP/1.1
09-272-2023 13:51:50 DefaultClientConnection.java DEBUG [main] http.headers 281 - >> Accept: application/json
09-272-2023 13:51:50 DefaultClientConnection.java DEBUG [main] http.headers 281 - >> Host: restful-booker.herokuapp.com
09-272-2023 13:51:50 DefaultClientConnection.java DEBUG [main] http.headers 281 - >> Connection: Keep-Alive
09-272-2023 13:51:50 DefaultClientConnection.java DEBUG [main] http.headers 281 - >> User-Agent: Apache-HttpClient/4.5.13 (Java/11.0.20)
09-272-2023 13:51:50 DefaultClientConnection.java DEBUG [main] http.headers 281 - >> Accept-Encoding: gzip,deflate
09-272-2023 13:51:51 Wire.java DEBUG [main] http.wire 73 -  << "HTTP/1.1 200 OK[\r][\n]"
09-272-2023 13:51:51 Wire.java DEBUG [main] http.wire 73 -  << "Server: Cowboy[\r][\n]"
09-272-2023 13:51:51 Wire.java DEBUG [main] http.wire 73 -  << "Connection: keep-alive[\r][\n]"
09-272-2023 13:51:51 Wire.java DEBUG [main] http.wire 73 -  << "X-Powered-By: Express[\r][\n]"
09-272-2023 13:51:51 Wire.java DEBUG [main] http.wire 73 -  << "Content-Type: application/json; charset=utf-8[\r][\n]"
09-272-2023 13:51:51 Wire.java DEBUG [main] http.wire 73 -  << "Content-Length: 182[\r][\n]"
09-272-2023 13:51:51 Wire.java DEBUG [main] http.wire 73 -  << "Etag: W/"b6-D1Zgc8ubC0EfbVdgC09c48lMMM8"[\r][\n]"
09-272-2023 13:51:51 Wire.java DEBUG [main] http.wire 73 -  << "Date: Fri, 29 Sep 2023 08:22:15 GMT[\r][\n]"
09-272-2023 13:51:51 Wire.java DEBUG [main] http.wire 73 -  << "Via: 1.1 vegur[\r][\n]"
09-272-2023 13:51:51 Wire.java DEBUG [main] http.wire 73 -  << "[\r][\n]"
09-272-2023 13:51:51 DefaultClientConnection.java DEBUG [main] conn.DefaultClientConnection 259 - Receiving response: HTTP/1.1 200 OK
09-272-2023 13:51:51 DefaultClientConnection.java DEBUG [main] http.headers 262 - << HTTP/1.1 200 OK
09-272-2023 13:51:51 DefaultClientConnection.java DEBUG [main] http.headers 265 - << Server: Cowboy
09-272-2023 13:51:51 DefaultClientConnection.java DEBUG [main] http.headers 265 - << Connection: keep-alive
09-272-2023 13:51:51 DefaultClientConnection.java DEBUG [main] http.headers 265 - << X-Powered-By: Express
09-272-2023 13:51:51 DefaultClientConnection.java DEBUG [main] http.headers 265 - << Content-Type: application/json; charset=utf-8
09-272-2023 13:51:51 DefaultClientConnection.java DEBUG [main] http.headers 265 - << Content-Length: 182
09-272-2023 13:51:51 DefaultClientConnection.java DEBUG [main] http.headers 265 - << Etag: W/"b6-D1Zgc8ubC0EfbVdgC09c48lMMM8"
09-272-2023 13:51:51 DefaultClientConnection.java DEBUG [main] http.headers 265 - << Date: Fri, 29 Sep 2023 08:22:15 GMT
09-272-2023 13:51:51 DefaultClientConnection.java DEBUG [main] http.headers 265 - << Via: 1.1 vegur
09-272-2023 13:51:51 DefaultRequestDirector.java DEBUG [main] client.DefaultHttpClient 504 - Connection can be kept alive indefinitely
09-272-2023 13:51:51 HTTPBuilder.java DEBUG [main] internal.RequestSpecificationImpl$RestAssuredHttpBuilder 545 - Parsing response as: application/json; charset=utf-8
09-272-2023 13:51:51 HTTPBuilder.java DEBUG [main] internal.RequestSpecificationImpl$RestAssuredHttpBuilder 548 - Parsed data to instance of: class org.apache.http.conn.EofSensorInputStream
09-272-2023 13:51:51 Wire.java DEBUG [main] http.wire 87 -  << "{"firstname":"Dynamo3288","lastname":"Dyno1837","totalprice":92198,"depositpaid":false,"bookingdates":{"checkin":"2048-01-19","checkout":"2060-12-21"},"additionalneeds":"Snacks6507"}"
09-272-2023 13:51:51 BasicClientConnectionManager.java DEBUG [main] conn.BasicClientConnectionManager 200 - Releasing connection org.apache.http.impl.conn.ManagedClientConnectionImpl@6ddc67d0
09-272-2023 13:51:51 BasicClientConnectionManager.java DEBUG [main] conn.BasicClientConnectionManager 225 - Connection can be kept alive indefinitely
{
    "firstname": "Dynamo3288",
    "lastname": "Dyno1837",
    "totalprice": 92198,
    "depositpaid": false,
    "bookingdates": {
        "checkin": "2048-01-19",
        "checkout": "2060-12-21"
    },
    "additionalneeds": "Snacks6507"
}
09-272-2023 13:51:51 BasicClientConnectionManager.java DEBUG [main] conn.BasicClientConnectionManager 161 - Get connection for route {s}->https://restful-booker.herokuapp.com:443
09-272-2023 13:51:51 DefaultClientConnectionOperator.java DEBUG [main] conn.DefaultClientConnectionOperator 177 - Connecting to restful-booker.herokuapp.com:443
09-272-2023 13:51:52 RequestAddCookies.java DEBUG [main] protocol.RequestAddCookies 123 - CookieSpec selected: ignoreCookies
09-272-2023 13:51:52 RequestAuthCache.java DEBUG [main] protocol.RequestAuthCache 77 - Auth cache not set in the context
09-272-2023 13:51:52 RequestTargetAuthentication.java DEBUG [main] protocol.RequestTargetAuthentication 80 - Target auth state: UNCHALLENGED
09-272-2023 13:51:52 RequestProxyAuthentication.java DEBUG [main] protocol.RequestProxyAuthentication 89 - Proxy auth state: UNCHALLENGED
09-272-2023 13:51:52 DefaultRequestDirector.java DEBUG [main] client.DefaultHttpClient 677 - Attempt 1 to execute request
09-272-2023 13:51:52 DefaultClientConnection.java DEBUG [main] conn.DefaultClientConnection 274 - Sending request: GET /booking/195 HTTP/1.1
09-272-2023 13:51:52 Wire.java DEBUG [main] http.wire 73 -  >> "GET /booking/195 HTTP/1.1[\r][\n]"
09-272-2023 13:51:52 Wire.java DEBUG [main] http.wire 73 -  >> "Accept: */*[\r][\n]"
09-272-2023 13:51:52 Wire.java DEBUG [main] http.wire 73 -  >> "Host: restful-booker.herokuapp.com[\r][\n]"
09-272-2023 13:51:52 Wire.java DEBUG [main] http.wire 73 -  >> "Connection: Keep-Alive[\r][\n]"
09-272-2023 13:51:52 Wire.java DEBUG [main] http.wire 73 -  >> "User-Agent: Apache-HttpClient/4.5.13 (Java/11.0.20)[\r][\n]"
09-272-2023 13:51:52 Wire.java DEBUG [main] http.wire 73 -  >> "Accept-Encoding: gzip,deflate[\r][\n]"
09-272-2023 13:51:52 Wire.java DEBUG [main] http.wire 73 -  >> "[\r][\n]"
09-272-2023 13:51:52 DefaultClientConnection.java DEBUG [main] http.headers 278 - >> GET /booking/195 HTTP/1.1
09-272-2023 13:51:52 DefaultClientConnection.java DEBUG [main] http.headers 281 - >> Accept: */*
09-272-2023 13:51:52 DefaultClientConnection.java DEBUG [main] http.headers 281 - >> Host: restful-booker.herokuapp.com
09-272-2023 13:51:52 DefaultClientConnection.java DEBUG [main] http.headers 281 - >> Connection: Keep-Alive
09-272-2023 13:51:52 DefaultClientConnection.java DEBUG [main] http.headers 281 - >> User-Agent: Apache-HttpClient/4.5.13 (Java/11.0.20)
09-272-2023 13:51:52 DefaultClientConnection.java DEBUG [main] http.headers 281 - >> Accept-Encoding: gzip,deflate
09-272-2023 13:51:52 Wire.java DEBUG [main] http.wire 73 -  << "HTTP/1.1 200 OK[\r][\n]"
09-272-2023 13:51:52 Wire.java DEBUG [main] http.wire 73 -  << "Server: Cowboy[\r][\n]"
09-272-2023 13:51:52 Wire.java DEBUG [main] http.wire 73 -  << "Connection: keep-alive[\r][\n]"
09-272-2023 13:51:52 Wire.java DEBUG [main] http.wire 73 -  << "X-Powered-By: Express[\r][\n]"
09-272-2023 13:51:52 Wire.java DEBUG [main] http.wire 73 -  << "Content-Type: application/json; charset=utf-8[\r][\n]"
09-272-2023 13:51:52 Wire.java DEBUG [main] http.wire 73 -  << "Content-Length: 182[\r][\n]"
09-272-2023 13:51:52 Wire.java DEBUG [main] http.wire 73 -  << "Etag: W/"b6-D1Zgc8ubC0EfbVdgC09c48lMMM8"[\r][\n]"
09-272-2023 13:51:52 Wire.java DEBUG [main] http.wire 73 -  << "Date: Fri, 29 Sep 2023 08:22:16 GMT[\r][\n]"
09-272-2023 13:51:52 Wire.java DEBUG [main] http.wire 73 -  << "Via: 1.1 vegur[\r][\n]"
09-272-2023 13:51:52 Wire.java DEBUG [main] http.wire 73 -  << "[\r][\n]"
09-272-2023 13:51:52 DefaultClientConnection.java DEBUG [main] conn.DefaultClientConnection 259 - Receiving response: HTTP/1.1 200 OK
09-272-2023 13:51:52 DefaultClientConnection.java DEBUG [main] http.headers 262 - << HTTP/1.1 200 OK
09-272-2023 13:51:52 DefaultClientConnection.java DEBUG [main] http.headers 265 - << Server: Cowboy
09-272-2023 13:51:52 DefaultClientConnection.java DEBUG [main] http.headers 265 - << Connection: keep-alive
09-272-2023 13:51:52 DefaultClientConnection.java DEBUG [main] http.headers 265 - << X-Powered-By: Express
09-272-2023 13:51:52 DefaultClientConnection.java DEBUG [main] http.headers 265 - << Content-Type: application/json; charset=utf-8
09-272-2023 13:51:52 DefaultClientConnection.java DEBUG [main] http.headers 265 - << Content-Length: 182
09-272-2023 13:51:52 DefaultClientConnection.java DEBUG [main] http.headers 265 - << Etag: W/"b6-D1Zgc8ubC0EfbVdgC09c48lMMM8"
09-272-2023 13:51:52 DefaultClientConnection.java DEBUG [main] http.headers 265 - << Date: Fri, 29 Sep 2023 08:22:16 GMT
09-272-2023 13:51:52 DefaultClientConnection.java DEBUG [main] http.headers 265 - << Via: 1.1 vegur
09-272-2023 13:51:52 DefaultRequestDirector.java DEBUG [main] client.DefaultHttpClient 504 - Connection can be kept alive indefinitely
09-272-2023 13:51:52 HTTPBuilder.java DEBUG [main] internal.RequestSpecificationImpl$RestAssuredHttpBuilder 545 - Parsing response as: application/json; charset=utf-8
09-272-2023 13:51:52 HTTPBuilder.java DEBUG [main] internal.RequestSpecificationImpl$RestAssuredHttpBuilder 548 - Parsed data to instance of: class org.apache.http.conn.EofSensorInputStream
09-272-2023 13:51:52 Wire.java DEBUG [main] http.wire 87 -  << "{"firstname":"Dynamo3288","lastname":"Dyno1837","totalprice":92198,"depositpaid":false,"bookingdates":{"checkin":"2048-01-19","checkout":"2060-12-21"},"additionalneeds":"Snacks6507"}"
09-272-2023 13:51:52 BasicClientConnectionManager.java DEBUG [main] conn.BasicClientConnectionManager 200 - Releasing connection org.apache.http.impl.conn.ManagedClientConnectionImpl@69d103f0
09-272-2023 13:51:52 BasicClientConnectionManager.java DEBUG [main] conn.BasicClientConnectionManager 225 - Connection can be kept alive indefinitely
09-272-2023 13:51:52 GetAPI.java INFO  [main] CRUD_Operations.GetAPI 33 - Booking Record Has Been Fetched and Validated
]]></system-out>
  </testcase>
  <testcase name="updateBookingRecord" classname="CRUD_Operations.UpdateAPI" time="2.575">
    <system-out><![CDATA[09-272-2023 13:51:47 UpdateAPI.java INFO  [main] CRUD_Operations.UpdateAPI 25 - Booking Updation Process Started
09-272-2023 13:51:47 BasicClientConnectionManager.java DEBUG [main] conn.BasicClientConnectionManager 161 - Get connection for route {s}->https://restful-booker.herokuapp.com:443
09-272-2023 13:51:47 DefaultClientConnectionOperator.java DEBUG [main] conn.DefaultClientConnectionOperator 177 - Connecting to restful-booker.herokuapp.com:443
09-272-2023 13:51:48 RequestAddCookies.java DEBUG [main] protocol.RequestAddCookies 123 - CookieSpec selected: ignoreCookies
09-272-2023 13:51:48 RequestAuthCache.java DEBUG [main] protocol.RequestAuthCache 77 - Auth cache not set in the context
09-272-2023 13:51:48 RequestTargetAuthentication.java DEBUG [main] protocol.RequestTargetAuthentication 80 - Target auth state: UNCHALLENGED
09-272-2023 13:51:48 RequestProxyAuthentication.java DEBUG [main] protocol.RequestProxyAuthentication 89 - Proxy auth state: UNCHALLENGED
09-272-2023 13:51:48 DefaultRequestDirector.java DEBUG [main] client.DefaultHttpClient 677 - Attempt 1 to execute request
09-272-2023 13:51:48 DefaultClientConnection.java DEBUG [main] conn.DefaultClientConnection 274 - Sending request: PUT /booking/195 HTTP/1.1
09-272-2023 13:51:48 Wire.java DEBUG [main] http.wire 73 -  >> "PUT /booking/195 HTTP/1.1[\r][\n]"
09-272-2023 13:51:48 Wire.java DEBUG [main] http.wire 73 -  >> "Cookie: token=e79d9c65d92a031[\r][\n]"
09-272-2023 13:51:48 Wire.java DEBUG [main] http.wire 73 -  >> "Accept: application/json[\r][\n]"
09-272-2023 13:51:48 Wire.java DEBUG [main] http.wire 73 -  >> "Content-Type: application/json[\r][\n]"
09-272-2023 13:51:48 Wire.java DEBUG [main] http.wire 73 -  >> "Content-Length: 240[\r][\n]"
09-272-2023 13:51:48 Wire.java DEBUG [main] http.wire 73 -  >> "Host: restful-booker.herokuapp.com[\r][\n]"
09-272-2023 13:51:48 Wire.java DEBUG [main] http.wire 73 -  >> "Connection: Keep-Alive[\r][\n]"
09-272-2023 13:51:48 Wire.java DEBUG [main] http.wire 73 -  >> "User-Agent: Apache-HttpClient/4.5.13 (Java/11.0.20)[\r][\n]"
09-272-2023 13:51:48 Wire.java DEBUG [main] http.wire 73 -  >> "Accept-Encoding: gzip,deflate[\r][\n]"
09-272-2023 13:51:48 Wire.java DEBUG [main] http.wire 73 -  >> "[\r][\n]"
09-272-2023 13:51:48 DefaultClientConnection.java DEBUG [main] http.headers 278 - >> PUT /booking/195 HTTP/1.1
09-272-2023 13:51:48 DefaultClientConnection.java DEBUG [main] http.headers 281 - >> Cookie: token=e79d9c65d92a031
09-272-2023 13:51:48 DefaultClientConnection.java DEBUG [main] http.headers 281 - >> Accept: application/json
09-272-2023 13:51:48 DefaultClientConnection.java DEBUG [main] http.headers 281 - >> Content-Type: application/json
09-272-2023 13:51:48 DefaultClientConnection.java DEBUG [main] http.headers 281 - >> Content-Length: 240
09-272-2023 13:51:48 DefaultClientConnection.java DEBUG [main] http.headers 281 - >> Host: restful-booker.herokuapp.com
09-272-2023 13:51:48 DefaultClientConnection.java DEBUG [main] http.headers 281 - >> Connection: Keep-Alive
09-272-2023 13:51:48 DefaultClientConnection.java DEBUG [main] http.headers 281 - >> User-Agent: Apache-HttpClient/4.5.13 (Java/11.0.20)
09-272-2023 13:51:48 DefaultClientConnection.java DEBUG [main] http.headers 281 - >> Accept-Encoding: gzip,deflate
09-272-2023 13:51:48 Wire.java DEBUG [main] http.wire 73 -  >> "{[\r][\n]"
09-272-2023 13:51:48 Wire.java DEBUG [main] http.wire 73 -  >> "  "firstname" : "Dynamo3288",[\r][\n]"
09-272-2023 13:51:48 Wire.java DEBUG [main] http.wire 73 -  >> "  "lastname" : "Dyno1837",[\r][\n]"
09-272-2023 13:51:48 Wire.java DEBUG [main] http.wire 73 -  >> "  "totalprice" : 92198,[\r][\n]"
09-272-2023 13:51:48 Wire.java DEBUG [main] http.wire 73 -  >> "  "depositpaid" : false,[\r][\n]"
09-272-2023 13:51:48 Wire.java DEBUG [main] http.wire 73 -  >> "  "bookingdates" : {[\r][\n]"
09-272-2023 13:51:48 Wire.java DEBUG [main] http.wire 73 -  >> "    "checkin" : "2048-01-19",[\r][\n]"
09-272-2023 13:51:48 Wire.java DEBUG [main] http.wire 73 -  >> "    "checkout" : "2060-12-21"[\r][\n]"
09-272-2023 13:51:48 Wire.java DEBUG [main] http.wire 73 -  >> "  },[\r][\n]"
09-272-2023 13:51:48 Wire.java DEBUG [main] http.wire 73 -  >> "  "additionalneeds" : "Snacks6507"[\r][\n]"
09-272-2023 13:51:48 Wire.java DEBUG [main] http.wire 87 -  >> "}"
09-272-2023 13:51:48 Wire.java DEBUG [main] http.wire 73 -  << "HTTP/1.1 200 OK[\r][\n]"
09-272-2023 13:51:48 Wire.java DEBUG [main] http.wire 73 -  << "Server: Cowboy[\r][\n]"
09-272-2023 13:51:48 Wire.java DEBUG [main] http.wire 73 -  << "Report-To: {"group":"heroku-nel","max_age":3600,"endpoints":[{"url":"https://nel.heroku.com/reports?ts=1695975732&s=gRW3RE7LXhlS1glogY2Dcmlg4JAVxZWe%2F6yNwbxS4Co%3D"}]}[\r][\n]"
09-272-2023 13:51:48 Wire.java DEBUG [main] http.wire 73 -  << "Reporting-Endpoints: heroku-nel=https://nel.heroku.com/reports?ts=1695975732&s=gRW3RE7LXhlS1glogY2Dcmlg4JAVxZWe%2F6yNwbxS4Co%3D[\r][\n]"
09-272-2023 13:51:48 Wire.java DEBUG [main] http.wire 73 -  << "Nel: {"report_to":"heroku-nel","max_age":3600,"success_fraction":0.01,"failure_fraction":0.1,"response_headers":["Via"]}[\r][\n]"
09-272-2023 13:51:48 Wire.java DEBUG [main] http.wire 73 -  << "Connection: keep-alive[\r][\n]"
09-272-2023 13:51:48 Wire.java DEBUG [main] http.wire 73 -  << "X-Powered-By: Express[\r][\n]"
09-272-2023 13:51:48 Wire.java DEBUG [main] http.wire 73 -  << "Content-Type: application/json; charset=utf-8[\r][\n]"
09-272-2023 13:51:48 Wire.java DEBUG [main] http.wire 73 -  << "Content-Length: 182[\r][\n]"
09-272-2023 13:51:48 Wire.java DEBUG [main] http.wire 73 -  << "Etag: W/"b6-D1Zgc8ubC0EfbVdgC09c48lMMM8"[\r][\n]"
09-272-2023 13:51:48 Wire.java DEBUG [main] http.wire 73 -  << "Date: Fri, 29 Sep 2023 08:22:12 GMT[\r][\n]"
09-272-2023 13:51:48 Wire.java DEBUG [main] http.wire 73 -  << "Via: 1.1 vegur[\r][\n]"
09-272-2023 13:51:48 Wire.java DEBUG [main] http.wire 73 -  << "[\r][\n]"
09-272-2023 13:51:48 DefaultClientConnection.java DEBUG [main] conn.DefaultClientConnection 259 - Receiving response: HTTP/1.1 200 OK
09-272-2023 13:51:48 DefaultClientConnection.java DEBUG [main] http.headers 262 - << HTTP/1.1 200 OK
09-272-2023 13:51:48 DefaultClientConnection.java DEBUG [main] http.headers 265 - << Server: Cowboy
09-272-2023 13:51:48 DefaultClientConnection.java DEBUG [main] http.headers 265 - << Report-To: {"group":"heroku-nel","max_age":3600,"endpoints":[{"url":"https://nel.heroku.com/reports?ts=1695975732&s=gRW3RE7LXhlS1glogY2Dcmlg4JAVxZWe%2F6yNwbxS4Co%3D"}]}
09-272-2023 13:51:48 DefaultClientConnection.java DEBUG [main] http.headers 265 - << Reporting-Endpoints: heroku-nel=https://nel.heroku.com/reports?ts=1695975732&s=gRW3RE7LXhlS1glogY2Dcmlg4JAVxZWe%2F6yNwbxS4Co%3D
09-272-2023 13:51:48 DefaultClientConnection.java DEBUG [main] http.headers 265 - << Nel: {"report_to":"heroku-nel","max_age":3600,"success_fraction":0.01,"failure_fraction":0.1,"response_headers":["Via"]}
09-272-2023 13:51:48 DefaultClientConnection.java DEBUG [main] http.headers 265 - << Connection: keep-alive
09-272-2023 13:51:48 DefaultClientConnection.java DEBUG [main] http.headers 265 - << X-Powered-By: Express
09-272-2023 13:51:48 DefaultClientConnection.java DEBUG [main] http.headers 265 - << Content-Type: application/json; charset=utf-8
09-272-2023 13:51:48 DefaultClientConnection.java DEBUG [main] http.headers 265 - << Content-Length: 182
09-272-2023 13:51:48 DefaultClientConnection.java DEBUG [main] http.headers 265 - << Etag: W/"b6-D1Zgc8ubC0EfbVdgC09c48lMMM8"
09-272-2023 13:51:48 DefaultClientConnection.java DEBUG [main] http.headers 265 - << Date: Fri, 29 Sep 2023 08:22:12 GMT
09-272-2023 13:51:48 DefaultClientConnection.java DEBUG [main] http.headers 265 - << Via: 1.1 vegur
09-272-2023 13:51:48 DefaultRequestDirector.java DEBUG [main] client.DefaultHttpClient 504 - Connection can be kept alive indefinitely
09-272-2023 13:51:48 HTTPBuilder.java DEBUG [main] internal.RequestSpecificationImpl$RestAssuredHttpBuilder 545 - Parsing response as: application/json; charset=utf-8
09-272-2023 13:51:48 HTTPBuilder.java DEBUG [main] internal.RequestSpecificationImpl$RestAssuredHttpBuilder 548 - Parsed data to instance of: class org.apache.http.conn.EofSensorInputStream
09-272-2023 13:51:48 Wire.java DEBUG [main] http.wire 87 -  << "{"firstname":"Dynamo3288","lastname":"Dyno1837","totalprice":92198,"depositpaid":false,"bookingdates":{"checkin":"2048-01-19","checkout":"2060-12-21"},"additionalneeds":"Snacks6507"}"
09-272-2023 13:51:48 BasicClientConnectionManager.java DEBUG [main] conn.BasicClientConnectionManager 200 - Releasing connection org.apache.http.impl.conn.ManagedClientConnectionImpl@34c76167
09-272-2023 13:51:48 BasicClientConnectionManager.java DEBUG [main] conn.BasicClientConnectionManager 225 - Connection can be kept alive indefinitely
HTTP/1.1 200 OK
Server: Cowboy
Report-To: {"group":"heroku-nel","max_age":3600,"endpoints":[{"url":"https://nel.heroku.com/reports?ts=1695975732&s=gRW3RE7LXhlS1glogY2Dcmlg4JAVxZWe%2F6yNwbxS4Co%3D"}]}
Reporting-Endpoints: heroku-nel=https://nel.heroku.com/reports?ts=1695975732&s=gRW3RE7LXhlS1glogY2Dcmlg4JAVxZWe%2F6yNwbxS4Co%3D
Nel: {"report_to":"heroku-nel","max_age":3600,"success_fraction":0.01,"failure_fraction":0.1,"response_headers":["Via"]}
Connection: keep-alive
X-Powered-By: Express
Content-Type: application/json; charset=utf-8
Content-Length: 182
Etag: W/"b6-D1Zgc8ubC0EfbVdgC09c48lMMM8"
Date: Fri, 29 Sep 2023 08:22:12 GMT
Via: 1.1 vegur

{
    "firstname": "Dynamo3288",
    "lastname": "Dyno1837",
    "totalprice": 92198,
    "depositpaid": false,
    "bookingdates": {
        "checkin": "2048-01-19",
        "checkout": "2060-12-21"
    },
    "additionalneeds": "Snacks6507"
}
09-272-2023 13:51:48 BasicClientConnectionManager.java DEBUG [main] conn.BasicClientConnectionManager 161 - Get connection for route {s}->https://restful-booker.herokuapp.com:443
09-272-2023 13:51:48 DefaultClientConnectionOperator.java DEBUG [main] conn.DefaultClientConnectionOperator 177 - Connecting to restful-booker.herokuapp.com:443
09-272-2023 13:51:49 RequestAddCookies.java DEBUG [main] protocol.RequestAddCookies 123 - CookieSpec selected: ignoreCookies
09-272-2023 13:51:49 RequestAuthCache.java DEBUG [main] protocol.RequestAuthCache 77 - Auth cache not set in the context
09-272-2023 13:51:49 RequestTargetAuthentication.java DEBUG [main] protocol.RequestTargetAuthentication 80 - Target auth state: UNCHALLENGED
09-272-2023 13:51:49 RequestProxyAuthentication.java DEBUG [main] protocol.RequestProxyAuthentication 89 - Proxy auth state: UNCHALLENGED
09-272-2023 13:51:49 DefaultRequestDirector.java DEBUG [main] client.DefaultHttpClient 677 - Attempt 1 to execute request
09-272-2023 13:51:49 DefaultClientConnection.java DEBUG [main] conn.DefaultClientConnection 274 - Sending request: GET /booking/195 HTTP/1.1
09-272-2023 13:51:49 Wire.java DEBUG [main] http.wire 73 -  >> "GET /booking/195 HTTP/1.1[\r][\n]"
09-272-2023 13:51:49 Wire.java DEBUG [main] http.wire 73 -  >> "Accept: */*[\r][\n]"
09-272-2023 13:51:49 Wire.java DEBUG [main] http.wire 73 -  >> "Host: restful-booker.herokuapp.com[\r][\n]"
09-272-2023 13:51:49 Wire.java DEBUG [main] http.wire 73 -  >> "Connection: Keep-Alive[\r][\n]"
09-272-2023 13:51:49 Wire.java DEBUG [main] http.wire 73 -  >> "User-Agent: Apache-HttpClient/4.5.13 (Java/11.0.20)[\r][\n]"
09-272-2023 13:51:49 Wire.java DEBUG [main] http.wire 73 -  >> "Accept-Encoding: gzip,deflate[\r][\n]"
09-272-2023 13:51:49 Wire.java DEBUG [main] http.wire 73 -  >> "[\r][\n]"
09-272-2023 13:51:49 DefaultClientConnection.java DEBUG [main] http.headers 278 - >> GET /booking/195 HTTP/1.1
09-272-2023 13:51:49 DefaultClientConnection.java DEBUG [main] http.headers 281 - >> Accept: */*
09-272-2023 13:51:49 DefaultClientConnection.java DEBUG [main] http.headers 281 - >> Host: restful-booker.herokuapp.com
09-272-2023 13:51:49 DefaultClientConnection.java DEBUG [main] http.headers 281 - >> Connection: Keep-Alive
09-272-2023 13:51:49 DefaultClientConnection.java DEBUG [main] http.headers 281 - >> User-Agent: Apache-HttpClient/4.5.13 (Java/11.0.20)
09-272-2023 13:51:49 DefaultClientConnection.java DEBUG [main] http.headers 281 - >> Accept-Encoding: gzip,deflate
09-272-2023 13:51:49 Wire.java DEBUG [main] http.wire 73 -  << "HTTP/1.1 200 OK[\r][\n]"
09-272-2023 13:51:49 Wire.java DEBUG [main] http.wire 73 -  << "Server: Cowboy[\r][\n]"
09-272-2023 13:51:49 Wire.java DEBUG [main] http.wire 73 -  << "Connection: keep-alive[\r][\n]"
09-272-2023 13:51:49 Wire.java DEBUG [main] http.wire 73 -  << "X-Powered-By: Express[\r][\n]"
09-272-2023 13:51:49 Wire.java DEBUG [main] http.wire 73 -  << "Content-Type: application/json; charset=utf-8[\r][\n]"
09-272-2023 13:51:49 Wire.java DEBUG [main] http.wire 73 -  << "Content-Length: 182[\r][\n]"
09-272-2023 13:51:49 Wire.java DEBUG [main] http.wire 73 -  << "Etag: W/"b6-D1Zgc8ubC0EfbVdgC09c48lMMM8"[\r][\n]"
09-272-2023 13:51:49 Wire.java DEBUG [main] http.wire 73 -  << "Date: Fri, 29 Sep 2023 08:22:14 GMT[\r][\n]"
09-272-2023 13:51:49 Wire.java DEBUG [main] http.wire 73 -  << "Via: 1.1 vegur[\r][\n]"
09-272-2023 13:51:49 Wire.java DEBUG [main] http.wire 73 -  << "[\r][\n]"
09-272-2023 13:51:49 DefaultClientConnection.java DEBUG [main] conn.DefaultClientConnection 259 - Receiving response: HTTP/1.1 200 OK
09-272-2023 13:51:49 DefaultClientConnection.java DEBUG [main] http.headers 262 - << HTTP/1.1 200 OK
09-272-2023 13:51:49 DefaultClientConnection.java DEBUG [main] http.headers 265 - << Server: Cowboy
09-272-2023 13:51:49 DefaultClientConnection.java DEBUG [main] http.headers 265 - << Connection: keep-alive
09-272-2023 13:51:49 DefaultClientConnection.java DEBUG [main] http.headers 265 - << X-Powered-By: Express
09-272-2023 13:51:49 DefaultClientConnection.java DEBUG [main] http.headers 265 - << Content-Type: application/json; charset=utf-8
09-272-2023 13:51:49 DefaultClientConnection.java DEBUG [main] http.headers 265 - << Content-Length: 182
09-272-2023 13:51:49 DefaultClientConnection.java DEBUG [main] http.headers 265 - << Etag: W/"b6-D1Zgc8ubC0EfbVdgC09c48lMMM8"
09-272-2023 13:51:49 DefaultClientConnection.java DEBUG [main] http.headers 265 - << Date: Fri, 29 Sep 2023 08:22:14 GMT
09-272-2023 13:51:49 DefaultClientConnection.java DEBUG [main] http.headers 265 - << Via: 1.1 vegur
09-272-2023 13:51:49 DefaultRequestDirector.java DEBUG [main] client.DefaultHttpClient 504 - Connection can be kept alive indefinitely
09-272-2023 13:51:49 HTTPBuilder.java DEBUG [main] internal.RequestSpecificationImpl$RestAssuredHttpBuilder 545 - Parsing response as: application/json; charset=utf-8
09-272-2023 13:51:49 HTTPBuilder.java DEBUG [main] internal.RequestSpecificationImpl$RestAssuredHttpBuilder 548 - Parsed data to instance of: class org.apache.http.conn.EofSensorInputStream
09-272-2023 13:51:49 Wire.java DEBUG [main] http.wire 87 -  << "{"firstname":"Dynamo3288","lastname":"Dyno1837","totalprice":92198,"depositpaid":false,"bookingdates":{"checkin":"2048-01-19","checkout":"2060-12-21"},"additionalneeds":"Snacks6507"}"
09-272-2023 13:51:49 BasicClientConnectionManager.java DEBUG [main] conn.BasicClientConnectionManager 200 - Releasing connection org.apache.http.impl.conn.ManagedClientConnectionImpl@463045fb
09-272-2023 13:51:49 BasicClientConnectionManager.java DEBUG [main] conn.BasicClientConnectionManager 225 - Connection can be kept alive indefinitely
09-272-2023 13:51:49 UpdateAPI.java INFO  [main] CRUD_Operations.UpdateAPI 39 - Booking Has Been Updated and Validated
]]></system-out>
  </testcase>
  <testcase name="partialUpdate_BookingRecord" classname="CRUD_Operations.PartialUpdateAPI" time="2.516">
    <system-out><![CDATA[09-272-2023 13:51:54 PartialUpdateAPI.java INFO  [main] CRUD_Operations.PartialUpdateAPI 23 - Partial Updation on Booking Started
09-272-2023 13:51:54 BasicClientConnectionManager.java DEBUG [main] conn.BasicClientConnectionManager 161 - Get connection for route {s}->https://restful-booker.herokuapp.com:443
09-272-2023 13:51:54 DefaultClientConnectionOperator.java DEBUG [main] conn.DefaultClientConnectionOperator 177 - Connecting to restful-booker.herokuapp.com:443
09-272-2023 13:51:55 RequestAddCookies.java DEBUG [main] protocol.RequestAddCookies 123 - CookieSpec selected: ignoreCookies
09-272-2023 13:51:55 RequestAuthCache.java DEBUG [main] protocol.RequestAuthCache 77 - Auth cache not set in the context
09-272-2023 13:51:55 RequestTargetAuthentication.java DEBUG [main] protocol.RequestTargetAuthentication 80 - Target auth state: UNCHALLENGED
09-272-2023 13:51:55 RequestProxyAuthentication.java DEBUG [main] protocol.RequestProxyAuthentication 89 - Proxy auth state: UNCHALLENGED
09-272-2023 13:51:55 DefaultRequestDirector.java DEBUG [main] client.DefaultHttpClient 677 - Attempt 1 to execute request
09-272-2023 13:51:55 DefaultClientConnection.java DEBUG [main] conn.DefaultClientConnection 274 - Sending request: PATCH /booking/282 HTTP/1.1
09-272-2023 13:51:55 Wire.java DEBUG [main] http.wire 73 -  >> "PATCH /booking/282 HTTP/1.1[\r][\n]"
09-272-2023 13:51:55 Wire.java DEBUG [main] http.wire 73 -  >> "Cookie: token=e79d9c65d92a031[\r][\n]"
09-272-2023 13:51:55 Wire.java DEBUG [main] http.wire 73 -  >> "Accept: application/json[\r][\n]"
09-272-2023 13:51:55 Wire.java DEBUG [main] http.wire 73 -  >> "Content-Type: application/json[\r][\n]"
09-272-2023 13:51:55 Wire.java DEBUG [main] http.wire 73 -  >> "Content-Length: 47[\r][\n]"
09-272-2023 13:51:55 Wire.java DEBUG [main] http.wire 73 -  >> "Host: restful-booker.herokuapp.com[\r][\n]"
09-272-2023 13:51:55 Wire.java DEBUG [main] http.wire 73 -  >> "Connection: Keep-Alive[\r][\n]"
09-272-2023 13:51:55 Wire.java DEBUG [main] http.wire 73 -  >> "User-Agent: Apache-HttpClient/4.5.13 (Java/11.0.20)[\r][\n]"
09-272-2023 13:51:55 Wire.java DEBUG [main] http.wire 73 -  >> "Accept-Encoding: gzip,deflate[\r][\n]"
09-272-2023 13:51:55 Wire.java DEBUG [main] http.wire 73 -  >> "[\r][\n]"
09-272-2023 13:51:55 DefaultClientConnection.java DEBUG [main] http.headers 278 - >> PATCH /booking/282 HTTP/1.1
09-272-2023 13:51:55 DefaultClientConnection.java DEBUG [main] http.headers 281 - >> Cookie: token=e79d9c65d92a031
09-272-2023 13:51:55 DefaultClientConnection.java DEBUG [main] http.headers 281 - >> Accept: application/json
09-272-2023 13:51:55 DefaultClientConnection.java DEBUG [main] http.headers 281 - >> Content-Type: application/json
09-272-2023 13:51:55 DefaultClientConnection.java DEBUG [main] http.headers 281 - >> Content-Length: 47
09-272-2023 13:51:55 DefaultClientConnection.java DEBUG [main] http.headers 281 - >> Host: restful-booker.herokuapp.com
09-272-2023 13:51:55 DefaultClientConnection.java DEBUG [main] http.headers 281 - >> Connection: Keep-Alive
09-272-2023 13:51:55 DefaultClientConnection.java DEBUG [main] http.headers 281 - >> User-Agent: Apache-HttpClient/4.5.13 (Java/11.0.20)
09-272-2023 13:51:55 DefaultClientConnection.java DEBUG [main] http.headers 281 - >> Accept-Encoding: gzip,deflate
09-272-2023 13:51:55 Wire.java DEBUG [main] http.wire 87 -  >> "{"firstname":"Dynamo4934","totalprice":"68729"}"
09-272-2023 13:51:56 Wire.java DEBUG [main] http.wire 73 -  << "HTTP/1.1 200 OK[\r][\n]"
09-272-2023 13:51:56 Wire.java DEBUG [main] http.wire 73 -  << "Server: Cowboy[\r][\n]"
09-272-2023 13:51:56 Wire.java DEBUG [main] http.wire 73 -  << "Connection: keep-alive[\r][\n]"
09-272-2023 13:51:56 Wire.java DEBUG [main] http.wire 73 -  << "X-Powered-By: Express[\r][\n]"
09-272-2023 13:51:56 Wire.java DEBUG [main] http.wire 73 -  << "Content-Type: application/json; charset=utf-8[\r][\n]"
09-272-2023 13:51:56 Wire.java DEBUG [main] http.wire 73 -  << "Content-Length: 182[\r][\n]"
09-272-2023 13:51:56 Wire.java DEBUG [main] http.wire 73 -  << "Etag: W/"b6-FkSTInPSI8oRQGgA+dNDsNQEffM"[\r][\n]"
09-272-2023 13:51:56 Wire.java DEBUG [main] http.wire 73 -  << "Date: Fri, 29 Sep 2023 08:22:20 GMT[\r][\n]"
09-272-2023 13:51:56 Wire.java DEBUG [main] http.wire 73 -  << "Via: 1.1 vegur[\r][\n]"
09-272-2023 13:51:56 Wire.java DEBUG [main] http.wire 73 -  << "[\r][\n]"
09-272-2023 13:51:56 DefaultClientConnection.java DEBUG [main] conn.DefaultClientConnection 259 - Receiving response: HTTP/1.1 200 OK
09-272-2023 13:51:56 DefaultClientConnection.java DEBUG [main] http.headers 262 - << HTTP/1.1 200 OK
09-272-2023 13:51:56 DefaultClientConnection.java DEBUG [main] http.headers 265 - << Server: Cowboy
09-272-2023 13:51:56 DefaultClientConnection.java DEBUG [main] http.headers 265 - << Connection: keep-alive
09-272-2023 13:51:56 DefaultClientConnection.java DEBUG [main] http.headers 265 - << X-Powered-By: Express
09-272-2023 13:51:56 DefaultClientConnection.java DEBUG [main] http.headers 265 - << Content-Type: application/json; charset=utf-8
09-272-2023 13:51:56 DefaultClientConnection.java DEBUG [main] http.headers 265 - << Content-Length: 182
09-272-2023 13:51:56 DefaultClientConnection.java DEBUG [main] http.headers 265 - << Etag: W/"b6-FkSTInPSI8oRQGgA+dNDsNQEffM"
09-272-2023 13:51:56 DefaultClientConnection.java DEBUG [main] http.headers 265 - << Date: Fri, 29 Sep 2023 08:22:20 GMT
09-272-2023 13:51:56 DefaultClientConnection.java DEBUG [main] http.headers 265 - << Via: 1.1 vegur
09-272-2023 13:51:56 DefaultRequestDirector.java DEBUG [main] client.DefaultHttpClient 504 - Connection can be kept alive indefinitely
09-272-2023 13:51:56 HTTPBuilder.java DEBUG [main] internal.RequestSpecificationImpl$RestAssuredHttpBuilder 545 - Parsing response as: application/json; charset=utf-8
09-272-2023 13:51:56 HTTPBuilder.java DEBUG [main] internal.RequestSpecificationImpl$RestAssuredHttpBuilder 548 - Parsed data to instance of: class org.apache.http.conn.EofSensorInputStream
09-272-2023 13:51:56 Wire.java DEBUG [main] http.wire 87 -  << "{"firstname":"Dynamo4934","lastname":"Dyno5863","totalprice":68729,"depositpaid":false,"bookingdates":{"checkin":"1885-04-25","checkout":"1941-02-23"},"additionalneeds":"Snacks1753"}"
09-272-2023 13:51:56 BasicClientConnectionManager.java DEBUG [main] conn.BasicClientConnectionManager 200 - Releasing connection org.apache.http.impl.conn.ManagedClientConnectionImpl@2cc75b25
09-272-2023 13:51:56 BasicClientConnectionManager.java DEBUG [main] conn.BasicClientConnectionManager 225 - Connection can be kept alive indefinitely
HTTP/1.1 200 OK
Server: Cowboy
Connection: keep-alive
X-Powered-By: Express
Content-Type: application/json; charset=utf-8
Content-Length: 182
Etag: W/"b6-FkSTInPSI8oRQGgA+dNDsNQEffM"
Date: Fri, 29 Sep 2023 08:22:20 GMT
Via: 1.1 vegur

{
    "firstname": "Dynamo4934",
    "lastname": "Dyno5863",
    "totalprice": 68729,
    "depositpaid": false,
    "bookingdates": {
        "checkin": "1885-04-25",
        "checkout": "1941-02-23"
    },
    "additionalneeds": "Snacks1753"
}
09-272-2023 13:51:56 BasicClientConnectionManager.java DEBUG [main] conn.BasicClientConnectionManager 161 - Get connection for route {s}->https://restful-booker.herokuapp.com:443
09-272-2023 13:51:56 DefaultClientConnectionOperator.java DEBUG [main] conn.DefaultClientConnectionOperator 177 - Connecting to restful-booker.herokuapp.com:443
09-272-2023 13:51:57 RequestAddCookies.java DEBUG [main] protocol.RequestAddCookies 123 - CookieSpec selected: ignoreCookies
09-272-2023 13:51:57 RequestAuthCache.java DEBUG [main] protocol.RequestAuthCache 77 - Auth cache not set in the context
09-272-2023 13:51:57 RequestTargetAuthentication.java DEBUG [main] protocol.RequestTargetAuthentication 80 - Target auth state: UNCHALLENGED
09-272-2023 13:51:57 RequestProxyAuthentication.java DEBUG [main] protocol.RequestProxyAuthentication 89 - Proxy auth state: UNCHALLENGED
09-272-2023 13:51:57 DefaultRequestDirector.java DEBUG [main] client.DefaultHttpClient 677 - Attempt 1 to execute request
09-272-2023 13:51:57 DefaultClientConnection.java DEBUG [main] conn.DefaultClientConnection 274 - Sending request: GET /booking/282 HTTP/1.1
09-272-2023 13:51:57 Wire.java DEBUG [main] http.wire 73 -  >> "GET /booking/282 HTTP/1.1[\r][\n]"
09-272-2023 13:51:57 Wire.java DEBUG [main] http.wire 73 -  >> "Accept: */*[\r][\n]"
09-272-2023 13:51:57 Wire.java DEBUG [main] http.wire 73 -  >> "Host: restful-booker.herokuapp.com[\r][\n]"
09-272-2023 13:51:57 Wire.java DEBUG [main] http.wire 73 -  >> "Connection: Keep-Alive[\r][\n]"
09-272-2023 13:51:57 Wire.java DEBUG [main] http.wire 73 -  >> "User-Agent: Apache-HttpClient/4.5.13 (Java/11.0.20)[\r][\n]"
09-272-2023 13:51:57 Wire.java DEBUG [main] http.wire 73 -  >> "Accept-Encoding: gzip,deflate[\r][\n]"
09-272-2023 13:51:57 Wire.java DEBUG [main] http.wire 73 -  >> "[\r][\n]"
09-272-2023 13:51:57 DefaultClientConnection.java DEBUG [main] http.headers 278 - >> GET /booking/282 HTTP/1.1
09-272-2023 13:51:57 DefaultClientConnection.java DEBUG [main] http.headers 281 - >> Accept: */*
09-272-2023 13:51:57 DefaultClientConnection.java DEBUG [main] http.headers 281 - >> Host: restful-booker.herokuapp.com
09-272-2023 13:51:57 DefaultClientConnection.java DEBUG [main] http.headers 281 - >> Connection: Keep-Alive
09-272-2023 13:51:57 DefaultClientConnection.java DEBUG [main] http.headers 281 - >> User-Agent: Apache-HttpClient/4.5.13 (Java/11.0.20)
09-272-2023 13:51:57 DefaultClientConnection.java DEBUG [main] http.headers 281 - >> Accept-Encoding: gzip,deflate
09-272-2023 13:51:57 Wire.java DEBUG [main] http.wire 73 -  << "HTTP/1.1 200 OK[\r][\n]"
09-272-2023 13:51:57 Wire.java DEBUG [main] http.wire 73 -  << "Server: Cowboy[\r][\n]"
09-272-2023 13:51:57 Wire.java DEBUG [main] http.wire 73 -  << "Connection: keep-alive[\r][\n]"
09-272-2023 13:51:57 Wire.java DEBUG [main] http.wire 73 -  << "X-Powered-By: Express[\r][\n]"
09-272-2023 13:51:57 Wire.java DEBUG [main] http.wire 73 -  << "Content-Type: application/json; charset=utf-8[\r][\n]"
09-272-2023 13:51:57 Wire.java DEBUG [main] http.wire 73 -  << "Content-Length: 182[\r][\n]"
09-272-2023 13:51:57 Wire.java DEBUG [main] http.wire 73 -  << "Etag: W/"b6-FkSTInPSI8oRQGgA+dNDsNQEffM"[\r][\n]"
09-272-2023 13:51:57 Wire.java DEBUG [main] http.wire 73 -  << "Date: Fri, 29 Sep 2023 08:22:21 GMT[\r][\n]"
09-272-2023 13:51:57 Wire.java DEBUG [main] http.wire 73 -  << "Via: 1.1 vegur[\r][\n]"
09-272-2023 13:51:57 Wire.java DEBUG [main] http.wire 73 -  << "[\r][\n]"
09-272-2023 13:51:57 DefaultClientConnection.java DEBUG [main] conn.DefaultClientConnection 259 - Receiving response: HTTP/1.1 200 OK
09-272-2023 13:51:57 DefaultClientConnection.java DEBUG [main] http.headers 262 - << HTTP/1.1 200 OK
09-272-2023 13:51:57 DefaultClientConnection.java DEBUG [main] http.headers 265 - << Server: Cowboy
09-272-2023 13:51:57 DefaultClientConnection.java DEBUG [main] http.headers 265 - << Connection: keep-alive
09-272-2023 13:51:57 DefaultClientConnection.java DEBUG [main] http.headers 265 - << X-Powered-By: Express
09-272-2023 13:51:57 DefaultClientConnection.java DEBUG [main] http.headers 265 - << Content-Type: application/json; charset=utf-8
09-272-2023 13:51:57 DefaultClientConnection.java DEBUG [main] http.headers 265 - << Content-Length: 182
09-272-2023 13:51:57 DefaultClientConnection.java DEBUG [main] http.headers 265 - << Etag: W/"b6-FkSTInPSI8oRQGgA+dNDsNQEffM"
09-272-2023 13:51:57 DefaultClientConnection.java DEBUG [main] http.headers 265 - << Date: Fri, 29 Sep 2023 08:22:21 GMT
09-272-2023 13:51:57 DefaultClientConnection.java DEBUG [main] http.headers 265 - << Via: 1.1 vegur
09-272-2023 13:51:57 DefaultRequestDirector.java DEBUG [main] client.DefaultHttpClient 504 - Connection can be kept alive indefinitely
09-272-2023 13:51:57 HTTPBuilder.java DEBUG [main] internal.RequestSpecificationImpl$RestAssuredHttpBuilder 545 - Parsing response as: application/json; charset=utf-8
09-272-2023 13:51:57 HTTPBuilder.java DEBUG [main] internal.RequestSpecificationImpl$RestAssuredHttpBuilder 548 - Parsed data to instance of: class org.apache.http.conn.EofSensorInputStream
09-272-2023 13:51:57 Wire.java DEBUG [main] http.wire 87 -  << "{"firstname":"Dynamo4934","lastname":"Dyno5863","totalprice":68729,"depositpaid":false,"bookingdates":{"checkin":"1885-04-25","checkout":"1941-02-23"},"additionalneeds":"Snacks1753"}"
09-272-2023 13:51:57 BasicClientConnectionManager.java DEBUG [main] conn.BasicClientConnectionManager 200 - Releasing connection org.apache.http.impl.conn.ManagedClientConnectionImpl@6fb22ae3
09-272-2023 13:51:57 BasicClientConnectionManager.java DEBUG [main] conn.BasicClientConnectionManager 225 - Connection can be kept alive indefinitely
09-272-2023 13:51:57 PartialUpdateAPI.java INFO  [main] CRUD_Operations.PartialUpdateAPI 42 - Booking Record Has Been Partially Updated and Validated
]]></system-out>
  </testcase>
  <testcase name="deleteBookingRecord" classname="CRUD_Operations.DeleteAPI" time="1.252">
    <system-out><![CDATA[09-272-2023 13:51:57 DeleteAPI.java INFO  [main] CRUD_Operations.DeleteAPI 15 - Booking Deletion Process Started
09-272-2023 13:51:57 BasicClientConnectionManager.java DEBUG [main] conn.BasicClientConnectionManager 161 - Get connection for route {s}->https://restful-booker.herokuapp.com:443
09-272-2023 13:51:57 DefaultClientConnectionOperator.java DEBUG [main] conn.DefaultClientConnectionOperator 177 - Connecting to restful-booker.herokuapp.com:443
09-272-2023 13:51:58 RequestAddCookies.java DEBUG [main] protocol.RequestAddCookies 123 - CookieSpec selected: ignoreCookies
09-272-2023 13:51:58 RequestAuthCache.java DEBUG [main] protocol.RequestAuthCache 77 - Auth cache not set in the context
09-272-2023 13:51:58 RequestTargetAuthentication.java DEBUG [main] protocol.RequestTargetAuthentication 80 - Target auth state: UNCHALLENGED
09-272-2023 13:51:58 RequestProxyAuthentication.java DEBUG [main] protocol.RequestProxyAuthentication 89 - Proxy auth state: UNCHALLENGED
09-272-2023 13:51:58 DefaultRequestDirector.java DEBUG [main] client.DefaultHttpClient 677 - Attempt 1 to execute request
09-272-2023 13:51:58 DefaultClientConnection.java DEBUG [main] conn.DefaultClientConnection 274 - Sending request: DELETE /booking/282 HTTP/1.1
09-272-2023 13:51:58 Wire.java DEBUG [main] http.wire 73 -  >> "DELETE /booking/282 HTTP/1.1[\r][\n]"
09-272-2023 13:51:58 Wire.java DEBUG [main] http.wire 73 -  >> "Cookie: token=e79d9c65d92a031[\r][\n]"
09-272-2023 13:51:58 Wire.java DEBUG [main] http.wire 73 -  >> "Accept: */*[\r][\n]"
09-272-2023 13:51:58 Wire.java DEBUG [main] http.wire 73 -  >> "Host: restful-booker.herokuapp.com[\r][\n]"
09-272-2023 13:51:58 Wire.java DEBUG [main] http.wire 73 -  >> "Connection: Keep-Alive[\r][\n]"
09-272-2023 13:51:58 Wire.java DEBUG [main] http.wire 73 -  >> "User-Agent: Apache-HttpClient/4.5.13 (Java/11.0.20)[\r][\n]"
09-272-2023 13:51:58 Wire.java DEBUG [main] http.wire 73 -  >> "Accept-Encoding: gzip,deflate[\r][\n]"
09-272-2023 13:51:58 Wire.java DEBUG [main] http.wire 73 -  >> "[\r][\n]"
09-272-2023 13:51:58 DefaultClientConnection.java DEBUG [main] http.headers 278 - >> DELETE /booking/282 HTTP/1.1
09-272-2023 13:51:58 DefaultClientConnection.java DEBUG [main] http.headers 281 - >> Cookie: token=e79d9c65d92a031
09-272-2023 13:51:58 DefaultClientConnection.java DEBUG [main] http.headers 281 - >> Accept: */*
09-272-2023 13:51:58 DefaultClientConnection.java DEBUG [main] http.headers 281 - >> Host: restful-booker.herokuapp.com
09-272-2023 13:51:58 DefaultClientConnection.java DEBUG [main] http.headers 281 - >> Connection: Keep-Alive
09-272-2023 13:51:58 DefaultClientConnection.java DEBUG [main] http.headers 281 - >> User-Agent: Apache-HttpClient/4.5.13 (Java/11.0.20)
09-272-2023 13:51:58 DefaultClientConnection.java DEBUG [main] http.headers 281 - >> Accept-Encoding: gzip,deflate
09-272-2023 13:51:58 Wire.java DEBUG [main] http.wire 73 -  << "HTTP/1.1 201 Created[\r][\n]"
09-272-2023 13:51:58 Wire.java DEBUG [main] http.wire 73 -  << "Server: Cowboy[\r][\n]"
09-272-2023 13:51:58 Wire.java DEBUG [main] http.wire 73 -  << "Connection: keep-alive[\r][\n]"
09-272-2023 13:51:58 Wire.java DEBUG [main] http.wire 73 -  << "X-Powered-By: Express[\r][\n]"
09-272-2023 13:51:58 Wire.java DEBUG [main] http.wire 73 -  << "Content-Type: text/plain; charset=utf-8[\r][\n]"
09-272-2023 13:51:58 Wire.java DEBUG [main] http.wire 73 -  << "Content-Length: 7[\r][\n]"
09-272-2023 13:51:58 Wire.java DEBUG [main] http.wire 73 -  << "Etag: W/"7-rM9AyJuqT6iOan/xHh+AW+7K/T8"[\r][\n]"
09-272-2023 13:51:58 Wire.java DEBUG [main] http.wire 73 -  << "Date: Fri, 29 Sep 2023 08:22:22 GMT[\r][\n]"
09-272-2023 13:51:58 Wire.java DEBUG [main] http.wire 73 -  << "Via: 1.1 vegur[\r][\n]"
09-272-2023 13:51:58 Wire.java DEBUG [main] http.wire 73 -  << "[\r][\n]"
09-272-2023 13:51:58 DefaultClientConnection.java DEBUG [main] conn.DefaultClientConnection 259 - Receiving response: HTTP/1.1 201 Created
09-272-2023 13:51:58 DefaultClientConnection.java DEBUG [main] http.headers 262 - << HTTP/1.1 201 Created
09-272-2023 13:51:58 DefaultClientConnection.java DEBUG [main] http.headers 265 - << Server: Cowboy
09-272-2023 13:51:58 DefaultClientConnection.java DEBUG [main] http.headers 265 - << Connection: keep-alive
09-272-2023 13:51:58 DefaultClientConnection.java DEBUG [main] http.headers 265 - << X-Powered-By: Express
09-272-2023 13:51:58 DefaultClientConnection.java DEBUG [main] http.headers 265 - << Content-Type: text/plain; charset=utf-8
09-272-2023 13:51:58 DefaultClientConnection.java DEBUG [main] http.headers 265 - << Content-Length: 7
09-272-2023 13:51:58 DefaultClientConnection.java DEBUG [main] http.headers 265 - << Etag: W/"7-rM9AyJuqT6iOan/xHh+AW+7K/T8"
09-272-2023 13:51:58 DefaultClientConnection.java DEBUG [main] http.headers 265 - << Date: Fri, 29 Sep 2023 08:22:22 GMT
09-272-2023 13:51:58 DefaultClientConnection.java DEBUG [main] http.headers 265 - << Via: 1.1 vegur
09-272-2023 13:51:58 DefaultRequestDirector.java DEBUG [main] client.DefaultHttpClient 504 - Connection can be kept alive indefinitely
09-272-2023 13:51:58 HTTPBuilder.java DEBUG [main] internal.RequestSpecificationImpl$RestAssuredHttpBuilder 545 - Parsing response as: text/plain; charset=utf-8
09-272-2023 13:51:58 HTTPBuilder.java DEBUG [main] internal.RequestSpecificationImpl$RestAssuredHttpBuilder 548 - Parsed data to instance of: class org.apache.http.conn.EofSensorInputStream
09-272-2023 13:51:58 Wire.java DEBUG [main] http.wire 87 -  << "Created"
09-272-2023 13:51:58 BasicClientConnectionManager.java DEBUG [main] conn.BasicClientConnectionManager 200 - Releasing connection org.apache.http.impl.conn.ManagedClientConnectionImpl@6d4a05f7
09-272-2023 13:51:58 BasicClientConnectionManager.java DEBUG [main] conn.BasicClientConnectionManager 225 - Connection can be kept alive indefinitely
Created
09-272-2023 13:51:58 DeleteAPI.java INFO  [main] CRUD_Operations.DeleteAPI 25 - Booking Record Has Been Deleted and Validated
]]></system-out>
  </testcase>
</testsuite>