<?xml version="1.0" encoding="UTF-8"?>
<!-- Generated by org.testng.reporters.JUnitReportReporter -->
<testsuite hostname="IN-PG02A8M3" failures="0" tests="1" name="CRUD_Operations.UpdateAPI" time="2.575" errors="0" timestamp="29 Sep 2023 08:21:59 GMT" skipped="0">
  <testcase classname="CRUD_Operations.UpdateAPI" name="updateBookingRecord" time="2.575"/>
</testsuite> <!-- CRUD_Operations.UpdateAPI -->
