<?xml version="1.0" encoding="UTF-8"?>
<!-- Generated by org.testng.reporters.JUnitReportReporter -->
<testsuite hostname="IN-PG02A8M3" failures="0" tests="1" name="CRUD_Operations.LoginAPI" time="6.136" errors="0" timestamp="29 Sep 2023 08:21:59 GMT" skipped="0">
  <testcase classname="CRUD_Operations.LoginAPI" name="login" time="6.136"/>
</testsuite> <!-- CRUD_Operations.LoginAPI -->
