<?xml version="1.0" encoding="UTF-8"?>
<!-- Generated by org.testng.reporters.JUnitReportReporter -->
<testsuite hostname="IN-PG02A8M3" failures="0" tests="2" name="CRUD_Operations.CreateAPI" time="5.246" errors="0" timestamp="29 Sep 2023 08:21:59 GMT" skipped="0">
  <testcase classname="CRUD_Operations.CreateAPI" name="createBooking" time="2.462"/>
  <testcase classname="CRUD_Operations.CreateAPI" name="createBooking" time="2.784"/>
</testsuite> <!-- CRUD_Operations.CreateAPI -->
