<?xml version="1.0" encoding="UTF-8"?>
<!-- Generated by org.testng.reporters.JUnitReportReporter -->
<testsuite hostname="IN-PG02A8M3" failures="0" tests="2" name="CRUD_Operations.GetAPI" time="5.030" errors="0" timestamp="29 Sep 2023 08:21:59 GMT" skipped="0">
  <testcase classname="CRUD_Operations.GetAPI" name="getBookingRecord" time="2.507"/>
  <testcase classname="CRUD_Operations.GetAPI" name="getBookingRecord" time="2.523"/>
</testsuite> <!-- CRUD_Operations.GetAPI -->
